2017-10-18 08:20:08.863+0000 INFO  [o.n.k.i.f.CommunityFacadeFactory] No locking implementation specified, defaulting to 'community'
2017-10-18 08:20:09.006+0000 INFO  [o.n.k.AvailabilityGuard] Requirement makes database unavailable: Database available
2017-10-18 08:20:09.016+0000 INFO  [o.n.k.i.DiagnosticsManager] --- INITIALIZED diagnostics START ---
2017-10-18 08:20:09.017+0000 INFO  [o.n.k.i.DiagnosticsManager] Neo4j Kernel properties:
2017-10-18 08:20:09.017+0000 INFO  [o.n.k.i.DiagnosticsManager] ephemeral=false
2017-10-18 08:20:09.017+0000 INFO  [o.n.k.i.DiagnosticsManager] edition=Community
2017-10-18 08:20:09.017+0000 INFO  [o.n.k.i.DiagnosticsManager] Diagnostics providers:
2017-10-18 08:20:09.017+0000 INFO  [o.n.k.i.DiagnosticsManager] org.neo4j.kernel.configuration.Config
2017-10-18 08:20:09.017+0000 INFO  [o.n.k.i.DiagnosticsManager] org.neo4j.kernel.info.DiagnosticsManager
2017-10-18 08:20:09.017+0000 INFO  [o.n.k.i.DiagnosticsManager] SYSTEM_MEMORY
2017-10-18 08:20:09.018+0000 INFO  [o.n.k.i.DiagnosticsManager] JAVA_MEMORY
2017-10-18 08:20:09.018+0000 INFO  [o.n.k.i.DiagnosticsManager] OPERATING_SYSTEM
2017-10-18 08:20:09.018+0000 INFO  [o.n.k.i.DiagnosticsManager] JAVA_VIRTUAL_MACHINE
2017-10-18 08:20:09.018+0000 INFO  [o.n.k.i.DiagnosticsManager] CLASSPATH
2017-10-18 08:20:09.018+0000 INFO  [o.n.k.i.DiagnosticsManager] LIBRARY_PATH
2017-10-18 08:20:09.018+0000 INFO  [o.n.k.i.DiagnosticsManager] SYSTEM_PROPERTIES
2017-10-18 08:20:09.018+0000 INFO  [o.n.k.i.DiagnosticsManager] NETWORK
2017-10-18 08:20:09.018+0000 INFO  [o.n.k.i.DiagnosticsManager] System memory information:
2017-10-18 08:20:09.022+0000 INFO  [o.n.k.i.DiagnosticsManager] Total Physical memory: 8.00 GB
2017-10-18 08:20:09.023+0000 INFO  [o.n.k.i.DiagnosticsManager] Free Physical memory: 134.64 MB
2017-10-18 08:20:09.024+0000 INFO  [o.n.k.i.DiagnosticsManager] Committed virtual memory: 5.76 GB
2017-10-18 08:20:09.025+0000 INFO  [o.n.k.i.DiagnosticsManager] Total swap space: 3.00 GB
2017-10-18 08:20:09.026+0000 INFO  [o.n.k.i.DiagnosticsManager] Free swap space: 1.50 GB
2017-10-18 08:20:09.026+0000 INFO  [o.n.k.i.DiagnosticsManager] JVM memory information:
2017-10-18 08:20:09.026+0000 INFO  [o.n.k.i.DiagnosticsManager] Free  memory: 80.34 MB
2017-10-18 08:20:09.026+0000 INFO  [o.n.k.i.DiagnosticsManager] Total memory: 123.00 MB
2017-10-18 08:20:09.026+0000 INFO  [o.n.k.i.DiagnosticsManager] Max   memory: 1.78 GB
2017-10-18 08:20:09.029+0000 INFO  [o.n.k.i.DiagnosticsManager] Garbage Collector: PS Scavenge: [PS Eden Space, PS Survivor Space]
2017-10-18 08:20:09.029+0000 INFO  [o.n.k.i.DiagnosticsManager] Garbage Collector: PS MarkSweep: [PS Eden Space, PS Survivor Space, PS Old Gen]
2017-10-18 08:20:09.031+0000 INFO  [o.n.k.i.DiagnosticsManager] Memory Pool: Code Cache (Non-heap memory): committed=2.94 MB, used=2.87 MB, max=240.00 MB, threshold=0.00 B
2017-10-18 08:20:09.032+0000 INFO  [o.n.k.i.DiagnosticsManager] Memory Pool: Metaspace (Non-heap memory): committed=9.25 MB, used=8.93 MB, max=-1.00 B, threshold=0.00 B
2017-10-18 08:20:09.032+0000 INFO  [o.n.k.i.DiagnosticsManager] Memory Pool: Compressed Class Space (Non-heap memory): committed=1.25 MB, used=1.17 MB, max=1.00 GB, threshold=0.00 B
2017-10-18 08:20:09.033+0000 INFO  [o.n.k.i.DiagnosticsManager] Memory Pool: PS Eden Space (Heap memory): committed=32.50 MB, used=29.94 MB, max=672.50 MB, threshold=?
2017-10-18 08:20:09.033+0000 INFO  [o.n.k.i.DiagnosticsManager] Memory Pool: PS Survivor Space (Heap memory): committed=5.00 MB, used=4.99 MB, max=5.00 MB, threshold=?
2017-10-18 08:20:09.034+0000 INFO  [o.n.k.i.DiagnosticsManager] Memory Pool: PS Old Gen (Heap memory): committed=85.50 MB, used=7.73 MB, max=1.33 GB, threshold=0.00 B
2017-10-18 08:20:09.034+0000 INFO  [o.n.k.i.DiagnosticsManager] Operating system information:
2017-10-18 08:20:09.036+0000 INFO  [o.n.k.i.DiagnosticsManager] Operating System: Mac OS X; version: 10.12.6; arch: x86_64; cpus: 4
2017-10-18 08:20:09.037+0000 INFO  [o.n.k.i.DiagnosticsManager] Max number of file descriptors: 10.00 kB
2017-10-18 08:20:09.039+0000 INFO  [o.n.k.i.DiagnosticsManager] Number of open file descriptors: 76.00 B
2017-10-18 08:20:09.040+0000 INFO  [o.n.k.i.DiagnosticsManager] Process id: 28941@localhost
2017-10-18 08:20:09.040+0000 INFO  [o.n.k.i.DiagnosticsManager] Byte order: LITTLE_ENDIAN
2017-10-18 08:20:09.040+0000 INFO  [o.n.k.i.DiagnosticsManager] Local timezone: Asia/Shanghai
2017-10-18 08:20:09.040+0000 INFO  [o.n.k.i.DiagnosticsManager] JVM information:
2017-10-18 08:20:09.040+0000 INFO  [o.n.k.i.DiagnosticsManager] VM Name: Java HotSpot(TM) 64-Bit Server VM
2017-10-18 08:20:09.040+0000 INFO  [o.n.k.i.DiagnosticsManager] VM Vendor: Oracle Corporation
2017-10-18 08:20:09.041+0000 INFO  [o.n.k.i.DiagnosticsManager] VM Version: 25.112-b16
2017-10-18 08:20:09.041+0000 INFO  [o.n.k.i.DiagnosticsManager] JIT compiler: HotSpot 64-Bit Tiered Compilers
2017-10-18 08:20:09.042+0000 INFO  [o.n.k.i.DiagnosticsManager] VM Arguments: [-ea, -Didea.launcher.port=7537, -Didea.launcher.bin.path=/Applications/IntelliJ IDEA.app/Contents/bin, -Dfile.encoding=UTF-8]
2017-10-18 08:20:09.042+0000 INFO  [o.n.k.i.DiagnosticsManager] Java classpath:
2017-10-18 08:20:09.047+0000 INFO  [o.n.k.i.DiagnosticsManager]  [classpath + loader.0] file:/Users/anke/learn/javaApp/sqllineage/lib/antlr-2.7.7.jar
2017-10-18 08:20:09.048+0000 INFO  [o.n.k.i.DiagnosticsManager]  [bootstrap + classpath + loader.0] file:/Library/Java/JavaVirtualMachines/jdk1.8.0_112.jdk/Contents/Home/jre/lib/rt.jar
2017-10-18 08:20:09.048+0000 INFO  [o.n.k.i.DiagnosticsManager]  [classpath + loader.0] file:/Users/anke/learn/javaApp/sqllineage/lib/neo4j-graph-matching-2.3.11.jar
2017-10-18 08:20:09.048+0000 INFO  [o.n.k.i.DiagnosticsManager]  [loader.1] file:/Library/Java/JavaVirtualMachines/jdk1.8.0_112.jdk/Contents/Home/jre/lib/ext/sunec.jar
2017-10-18 08:20:09.048+0000 INFO  [o.n.k.i.DiagnosticsManager]  [classpath + loader.0] file:/Users/anke/learn/javaApp/sqllineage/lib/parboiled-scala_2.11-1.1.7.jar
2017-10-18 08:20:09.048+0000 INFO  [o.n.k.i.DiagnosticsManager]  [loader.1] file:/Library/Java/JavaVirtualMachines/jdk1.8.0_112.jdk/Contents/Home/jre/lib/ext/jfxrt.jar
2017-10-18 08:20:09.048+0000 INFO  [o.n.k.i.DiagnosticsManager]  [loader.1] file:/Library/Java/JavaVirtualMachines/jdk1.8.0_112.jdk/Contents/Home/jre/lib/ext/zipfs.jar
2017-10-18 08:20:09.048+0000 INFO  [o.n.k.i.DiagnosticsManager]  [loader.1] file:/Library/Java/JavaVirtualMachines/jdk1.8.0_112.jdk/Contents/Home/jre/lib/ext/sunjce_provider.jar
2017-10-18 08:20:09.048+0000 INFO  [o.n.k.i.DiagnosticsManager]  [classpath + loader.0] file:/Users/anke/learn/javaApp/sqllineage/lib/neo4j-cypher-compiler-2.3-2.3.11.jar
2017-10-18 08:20:09.048+0000 INFO  [o.n.k.i.DiagnosticsManager]  [classpath + loader.0] file:/Users/anke/learn/javaApp/sqllineage/lib/neo4j-cypher-compiler-1.9_2.11-2.0.5.jar
2017-10-18 08:20:09.048+0000 INFO  [o.n.k.i.DiagnosticsManager]  [classpath] /Applications/IntelliJ IDEA.app/Contents/plugins/junit/lib/junit-rt.jar
2017-10-18 08:20:09.048+0000 INFO  [o.n.k.i.DiagnosticsManager]  [classpath + loader.0] file:/Users/anke/learn/javaApp/sqllineage/lib/neo4j-udc-2.3.11.jar
2017-10-18 08:20:09.048+0000 INFO  [o.n.k.i.DiagnosticsManager]  [classpath + loader.0] file:/Users/anke/learn/javaApp/sqllineage/lib/neo4j-shell-2.3.11.jar
2017-10-18 08:20:09.048+0000 INFO  [o.n.k.i.DiagnosticsManager]  [classpath + loader.0] file:/Users/anke/learn/javaApp/sqllineage/lib/commons-lang3-3.3.2.jar
2017-10-18 08:20:09.048+0000 INFO  [o.n.k.i.DiagnosticsManager]  [classpath + loader.0] file:/Library/Java/JavaVirtualMachines/jdk1.8.0_112.jdk/Contents/Home/lib/jconsole.jar
2017-10-18 08:20:09.049+0000 INFO  [o.n.k.i.DiagnosticsManager]  [classpath] /Applications/IntelliJ IDEA.app/Contents/lib/junit-4.12.jar
2017-10-18 08:20:09.049+0000 INFO  [o.n.k.i.DiagnosticsManager]  [loader.1] file:/System/Library/Java/Extensions/vecmath.jar
2017-10-18 08:20:09.049+0000 INFO  [o.n.k.i.DiagnosticsManager]  [classpath + loader.0] file:/Users/anke/learn/javaApp/sqllineage/lib/neo4j-unsafe-2.3.11.jar
2017-10-18 08:20:09.049+0000 INFO  [o.n.k.i.DiagnosticsManager]  [classpath + loader.0] file:/Library/Java/JavaVirtualMachines/jdk1.8.0_112.jdk/Contents/Home/lib/javafx-mx.jar
2017-10-18 08:20:09.049+0000 INFO  [o.n.k.i.DiagnosticsManager]  [classpath + loader.0] file:/Users/anke/learn/javaApp/sqllineage/lib/neo4j-graph-algo-2.3.11.jar
2017-10-18 08:20:09.049+0000 INFO  [o.n.k.i.DiagnosticsManager]  [classpath + loader.0] file:/Users/anke/learn/javaApp/sqllineage/lib/neo4j-csv-2.3.11.jar
2017-10-18 08:20:09.049+0000 INFO  [o.n.k.i.DiagnosticsManager]  [classpath + loader.0] file:/Users/anke/learn/javaApp/sqllineage/lib/neo4j-import-tool-2.3.11.jar
2017-10-18 08:20:09.049+0000 INFO  [o.n.k.i.DiagnosticsManager]  [loader.1] file:/System/Library/Java/Extensions/libJ3D.jnilib
2017-10-18 08:20:09.049+0000 INFO  [o.n.k.i.DiagnosticsManager]  [classpath + loader.0] file:/Library/Java/JavaVirtualMachines/jdk1.8.0_112.jdk/Contents/Home/jre/lib/javaws.jar
2017-10-18 08:20:09.049+0000 INFO  [o.n.k.i.DiagnosticsManager]  [bootstrap + classpath + loader.0] file:/Library/Java/JavaVirtualMachines/jdk1.8.0_112.jdk/Contents/Home/jre/lib/jsse.jar
2017-10-18 08:20:09.049+0000 INFO  [o.n.k.i.DiagnosticsManager]  [classpath] /Applications/IntelliJ IDEA.app/Contents/lib/hamcrest-core-1.3.jar
2017-10-18 08:20:09.049+0000 INFO  [o.n.k.i.DiagnosticsManager]  [classpath + loader.0] file:/Users/anke/learn/javaApp/sqllineage/lib/jline-2.12.jar
2017-10-18 08:20:09.049+0000 INFO  [o.n.k.i.DiagnosticsManager]  [classpath + loader.0] file:/Users/anke/learn/javaApp/sqllineage/lib/parboiled-core-1.1.7.jar
2017-10-18 08:20:09.049+0000 INFO  [o.n.k.i.DiagnosticsManager]  [bootstrap + classpath + loader.0] file:/Library/Java/JavaVirtualMachines/jdk1.8.0_112.jdk/Contents/Home/jre/lib/resources.jar
2017-10-18 08:20:09.049+0000 INFO  [o.n.k.i.DiagnosticsManager]  [loader.0] file:/Applications/IntelliJ%20IDEA.app/Contents/lib/hamcrest-core-1.3.jar
2017-10-18 08:20:09.050+0000 INFO  [o.n.k.i.DiagnosticsManager]  [classpath + loader.0] file:/Users/anke/learn/javaApp/sqllineage/lib/scala-library-2.11.7.jar
2017-10-18 08:20:09.050+0000 INFO  [o.n.k.i.DiagnosticsManager]  [bootstrap + classpath + loader.0] file:/Library/Java/JavaVirtualMachines/jdk1.8.0_112.jdk/Contents/Home/jre/lib/charsets.jar
2017-10-18 08:20:09.050+0000 INFO  [o.n.k.i.DiagnosticsManager]  [loader.0] file:/Applications/IntelliJ%20IDEA.app/Contents/lib/idea_rt.jar
2017-10-18 08:20:09.050+0000 INFO  [o.n.k.i.DiagnosticsManager]  [loader.1] file:/System/Library/Java/Extensions/libAppleScriptEngine.jnilib
2017-10-18 08:20:09.050+0000 INFO  [o.n.k.i.DiagnosticsManager]  [classpath + loader.0] file:/Library/Java/JavaVirtualMachines/jdk1.8.0_112.jdk/Contents/Home/jre/lib/deploy.jar
2017-10-18 08:20:09.050+0000 INFO  [o.n.k.i.DiagnosticsManager]  [loader.1] file:/System/Library/Java/Extensions/dns_sd.jar
2017-10-18 08:20:09.050+0000 INFO  [o.n.k.i.DiagnosticsManager]  [classpath + loader.0] file:/Library/Java/JavaVirtualMachines/jdk1.8.0_112.jdk/Contents/Home/lib/sa-jdi.jar
2017-10-18 08:20:09.050+0000 INFO  [o.n.k.i.DiagnosticsManager]  [loader.1] file:/System/Library/Java/Extensions/MRJToolkit.jar
2017-10-18 08:20:09.050+0000 INFO  [o.n.k.i.DiagnosticsManager]  [bootstrap] /Library/Java/JavaVirtualMachines/jdk1.8.0_112.jdk/Contents/Home/jre/lib/sunrsasign.jar
2017-10-18 08:20:09.050+0000 INFO  [o.n.k.i.DiagnosticsManager]  [classpath + loader.0] file:/Users/anke/learn/javaApp/sqllineage/lib/scala-reflect-2.11.7.jar
2017-10-18 08:20:09.050+0000 INFO  [o.n.k.i.DiagnosticsManager]  [classpath + loader.0] file:/Library/Java/JavaVirtualMachines/jdk1.8.0_112.jdk/Contents/Home/lib/tools.jar
2017-10-18 08:20:09.050+0000 INFO  [o.n.k.i.DiagnosticsManager]  [loader.0] file:/Applications/IntelliJ%20IDEA.app/Contents/plugins/junit/lib/junit-rt.jar
2017-10-18 08:20:09.050+0000 INFO  [o.n.k.i.DiagnosticsManager]  [classpath + loader.0] file:/Users/anke/learn/javaApp/sqllineage/lib/opencsv-2.3.jar
2017-10-18 08:20:09.050+0000 INFO  [o.n.k.i.DiagnosticsManager]  [classpath + loader.0] file:/Users/anke/learn/javaApp/sqllineage/lib/neo4j-io-2.3.11.jar
2017-10-18 08:20:09.050+0000 INFO  [o.n.k.i.DiagnosticsManager]  [bootstrap + classpath + loader.0] file:/Library/Java/JavaVirtualMachines/jdk1.8.0_112.jdk/Contents/Home/jre/lib/jce.jar
2017-10-18 08:20:09.050+0000 INFO  [o.n.k.i.DiagnosticsManager]  [classpath + loader.0] file:/Users/anke/learn/javaApp/sqllineage/lib/neo4j-cypher-frontend-2.3-2.3.11.jar
2017-10-18 08:20:09.050+0000 INFO  [o.n.k.i.DiagnosticsManager]  [loader.1] file:/Library/Java/JavaVirtualMachines/jdk1.8.0_112.jdk/Contents/Home/jre/lib/ext/sunpkcs11.jar
2017-10-18 08:20:09.051+0000 INFO  [o.n.k.i.DiagnosticsManager]  [loader.1] file:/System/Library/Java/Extensions/mlibwrapper_jai.jar
2017-10-18 08:20:09.051+0000 INFO  [o.n.k.i.DiagnosticsManager]  [classpath + loader.0] file:/Users/anke/learn/javaApp/sqllineage/lib/concurrentlinkedhashmap-lru-1.4.2.jar
2017-10-18 08:20:09.051+0000 INFO  [o.n.k.i.DiagnosticsManager]  [classpath + loader.0] file:/Users/anke/learn/javaApp/sqllineage/lib/neo4j-lucene-index-2.3.11.jar
2017-10-18 08:20:09.051+0000 INFO  [o.n.k.i.DiagnosticsManager]  [bootstrap] /Library/Java/JavaVirtualMachines/jdk1.8.0_112.jdk/Contents/Home/jre/classes
2017-10-18 08:20:09.051+0000 INFO  [o.n.k.i.DiagnosticsManager]  [classpath + loader.0] file:/Users/anke/learn/javaApp/sqllineage/lib/neo4j-jmx-2.3.11.jar
2017-10-18 08:20:09.051+0000 INFO  [o.n.k.i.DiagnosticsManager]  [loader.0] file:/Applications/IntelliJ%20IDEA.app/Contents/lib/junit-4.12.jar
2017-10-18 08:20:09.051+0000 INFO  [o.n.k.i.DiagnosticsManager]  [loader.1] file:/System/Library/Java/Extensions/libJ3DUtils.jnilib
2017-10-18 08:20:09.051+0000 INFO  [o.n.k.i.DiagnosticsManager]  [loader.1] file:/System/Library/Java/Extensions/j3daudio.jar
2017-10-18 08:20:09.051+0000 INFO  [o.n.k.i.DiagnosticsManager]  [loader.1] file:/System/Library/Java/Extensions/AppleScriptEngine.jar
2017-10-18 08:20:09.051+0000 INFO  [o.n.k.i.DiagnosticsManager]  [loader.1] file:/System/Library/Java/Extensions/j3dutils.jar
2017-10-18 08:20:09.051+0000 INFO  [o.n.k.i.DiagnosticsManager]  [loader.1] file:/System/Library/Java/Extensions/jai_codec.jar
2017-10-18 08:20:09.051+0000 INFO  [o.n.k.i.DiagnosticsManager]  [loader.1] file:/Library/Java/JavaVirtualMachines/jdk1.8.0_112.jdk/Contents/Home/jre/lib/ext/dnsns.jar
2017-10-18 08:20:09.051+0000 INFO  [o.n.k.i.DiagnosticsManager]  [classpath + loader.0] file:/Users/anke/learn/javaApp/sqllineage/lib/neo4j-cypher-compiler-2.2_2.11-2.2.10.jar
2017-10-18 08:20:09.051+0000 INFO  [o.n.k.i.DiagnosticsManager]  [classpath + loader.0] file:/Users/anke/learn/javaApp/sqllineage/lib/server-api-2.3.11.jar
2017-10-18 08:20:09.051+0000 INFO  [o.n.k.i.DiagnosticsManager]  [loader.1] file:/Library/Java/JavaVirtualMachines/jdk1.8.0_112.jdk/Contents/Home/jre/lib/ext/nashorn.jar
2017-10-18 08:20:09.051+0000 INFO  [o.n.k.i.DiagnosticsManager]  [loader.1] file:/Library/Java/JavaVirtualMachines/jdk1.8.0_112.jdk/Contents/Home/jre/lib/ext/localedata.jar
2017-10-18 08:20:09.051+0000 INFO  [o.n.k.i.DiagnosticsManager]  [classpath + loader.0] file:/Users/anke/learn/javaApp/sqllineage/lib/antlr-runtime-3.4.jar
2017-10-18 08:20:09.051+0000 INFO  [o.n.k.i.DiagnosticsManager]  [classpath + loader.0] file:/Users/anke/learn/javaApp/sqllineage/bin/
2017-10-18 08:20:09.051+0000 INFO  [o.n.k.i.DiagnosticsManager]  [classpath + loader.0] file:/Users/anke/learn/javaApp/sqllineage/lib/neo4j-cypher-2.3.11.jar
2017-10-18 08:20:09.051+0000 INFO  [o.n.k.i.DiagnosticsManager]  [loader.1] file:/Library/Java/JavaVirtualMachines/jdk1.8.0_112.jdk/Contents/Home/jre/lib/ext/cldrdata.jar
2017-10-18 08:20:09.051+0000 INFO  [o.n.k.i.DiagnosticsManager]  [classpath + loader.0] file:/Users/anke/learn/javaApp/sqllineage/lib/neo4j-kernel-2.3.11.jar
2017-10-18 08:20:09.052+0000 INFO  [o.n.k.i.DiagnosticsManager]  [classpath + loader.0] file:/Users/anke/learn/javaApp/sqllineage/lib/lucene-core-3.6.2.jar
2017-10-18 08:20:09.052+0000 INFO  [o.n.k.i.DiagnosticsManager]  [classpath + loader.0] file:/Library/Java/JavaVirtualMachines/jdk1.8.0_112.jdk/Contents/Home/jre/lib/jfxswt.jar
2017-10-18 08:20:09.052+0000 INFO  [o.n.k.i.DiagnosticsManager]  [loader.1] file:/usr/lib/java/libjdns_sd.jnilib
2017-10-18 08:20:09.052+0000 INFO  [o.n.k.i.DiagnosticsManager]  [classpath + loader.0] file:/Users/anke/learn/javaApp/sqllineage/lib/neo4j-consistency-check-2.3.11.jar
2017-10-18 08:20:09.052+0000 INFO  [o.n.k.i.DiagnosticsManager]  [loader.1] file:/System/Library/Java/Extensions/libmlib_jai.jnilib
2017-10-18 08:20:09.052+0000 INFO  [o.n.k.i.DiagnosticsManager]  [classpath + loader.0] file:/Users/anke/learn/javaApp/sqllineage/lib/neo4j-function-2.3.11.jar
2017-10-18 08:20:09.052+0000 INFO  [o.n.k.i.DiagnosticsManager]  [classpath + loader.0] file:/Library/Java/JavaVirtualMachines/jdk1.8.0_112.jdk/Contents/Home/lib/dt.jar
2017-10-18 08:20:09.052+0000 INFO  [o.n.k.i.DiagnosticsManager]  [classpath + loader.0] file:/Users/anke/learn/javaApp/sqllineage/lib/neo4j-primitive-collections-2.3.11.jar
2017-10-18 08:20:09.052+0000 INFO  [o.n.k.i.DiagnosticsManager]  [classpath + loader.0] file:/Library/Java/JavaVirtualMachines/jdk1.8.0_112.jdk/Contents/Home/lib/ant-javafx.jar
2017-10-18 08:20:09.052+0000 INFO  [o.n.k.i.DiagnosticsManager]  [bootstrap + classpath + loader.0] file:/Library/Java/JavaVirtualMachines/jdk1.8.0_112.jdk/Contents/Home/jre/lib/jfr.jar
2017-10-18 08:20:09.052+0000 INFO  [o.n.k.i.DiagnosticsManager]  [classpath + loader.0] file:/Library/Java/JavaVirtualMachines/jdk1.8.0_112.jdk/Contents/Home/jre/lib/plugin.jar
2017-10-18 08:20:09.052+0000 INFO  [o.n.k.i.DiagnosticsManager]  [classpath + loader.0] file:/Users/anke/learn/javaApp/sqllineage/lib/neo4j-codegen-2.3.11.jar
2017-10-18 08:20:09.052+0000 INFO  [o.n.k.i.DiagnosticsManager]  [classpath + loader.0] file:/Users/anke/learn/javaApp/sqllineage/lib/hive-exec-1.2.1.jar
2017-10-18 08:20:09.052+0000 INFO  [o.n.k.i.DiagnosticsManager]  [classpath + loader.0] file:/Users/anke/learn/javaApp/sqllineage/lib/neo4j-consistency-check-legacy-2.3.11.jar
2017-10-18 08:20:09.052+0000 INFO  [o.n.k.i.DiagnosticsManager]  [loader.1] file:/System/Library/Java/Extensions/libJ3DAudio.jnilib
2017-10-18 08:20:09.052+0000 INFO  [o.n.k.i.DiagnosticsManager]  [classpath + loader.0] file:/Users/anke/learn/javaApp/sqllineage/lib/scala-parser-combinators_2.11-1.0.4.jar
2017-10-18 08:20:09.052+0000 INFO  [o.n.k.i.DiagnosticsManager]  [loader.1] file:/Library/Java/JavaVirtualMachines/jdk1.8.0_112.jdk/Contents/Home/jre/lib/ext/jaccess.jar
2017-10-18 08:20:09.052+0000 INFO  [o.n.k.i.DiagnosticsManager]  [classpath + loader.0] file:/Library/Java/JavaVirtualMachines/jdk1.8.0_112.jdk/Contents/Home/jre/lib/management-agent.jar
2017-10-18 08:20:09.052+0000 INFO  [o.n.k.i.DiagnosticsManager]  [classpath + loader.0] file:/Library/Java/JavaVirtualMachines/jdk1.8.0_112.jdk/Contents/Home/lib/packager.jar
2017-10-18 08:20:09.052+0000 INFO  [o.n.k.i.DiagnosticsManager]  [classpath + loader.0] file:/Users/anke/learn/javaApp/sqllineage/lib/neo4j-logging-2.3.11.jar
2017-10-18 08:20:09.052+0000 INFO  [o.n.k.i.DiagnosticsManager]  [loader.1] file:/System/Library/Java/Extensions/j3dcore.jar
2017-10-18 08:20:09.053+0000 INFO  [o.n.k.i.DiagnosticsManager]  [classpath] /Applications/IntelliJ IDEA.app/Contents/lib/idea_rt.jar
2017-10-18 08:20:09.053+0000 INFO  [o.n.k.i.DiagnosticsManager]  [loader.1] file:/System/Library/Java/Extensions/jai_core.jar
2017-10-18 08:20:09.053+0000 INFO  [o.n.k.i.DiagnosticsManager] Library path:
2017-10-18 08:20:09.053+0000 INFO  [o.n.k.i.DiagnosticsManager] /Users/anke/Library/Java/Extensions
2017-10-18 08:20:09.053+0000 INFO  [o.n.k.i.DiagnosticsManager] /Library/Java/Extensions
2017-10-18 08:20:09.054+0000 INFO  [o.n.k.i.DiagnosticsManager] /Network/Library/Java/Extensions
2017-10-18 08:20:09.054+0000 INFO  [o.n.k.i.DiagnosticsManager] /System/Library/Java/Extensions
2017-10-18 08:20:09.054+0000 INFO  [o.n.k.i.DiagnosticsManager] /usr/lib/java
2017-10-18 08:20:09.054+0000 INFO  [o.n.k.i.DiagnosticsManager] /Users/anke/learn/javaApp/sqllineage
2017-10-18 08:20:09.054+0000 INFO  [o.n.k.i.DiagnosticsManager] System.properties:
2017-10-18 08:20:09.055+0000 INFO  [o.n.k.i.DiagnosticsManager] sun.boot.library.path = /Library/Java/JavaVirtualMachines/jdk1.8.0_112.jdk/Contents/Home/jre/lib
2017-10-18 08:20:09.055+0000 INFO  [o.n.k.i.DiagnosticsManager] gopherProxySet = false
2017-10-18 08:20:09.055+0000 INFO  [o.n.k.i.DiagnosticsManager] path.separator = :
2017-10-18 08:20:09.055+0000 INFO  [o.n.k.i.DiagnosticsManager] idea.launcher.port = 7537
2017-10-18 08:20:09.055+0000 INFO  [o.n.k.i.DiagnosticsManager] file.encoding.pkg = sun.io
2017-10-18 08:20:09.055+0000 INFO  [o.n.k.i.DiagnosticsManager] user.country = CN
2017-10-18 08:20:09.055+0000 INFO  [o.n.k.i.DiagnosticsManager] sun.java.launcher = SUN_STANDARD
2017-10-18 08:20:09.055+0000 INFO  [o.n.k.i.DiagnosticsManager] sun.os.patch.level = unknown
2017-10-18 08:20:09.055+0000 INFO  [o.n.k.i.DiagnosticsManager] user.dir = /Users/anke/learn/javaApp/sqllineage
2017-10-18 08:20:09.055+0000 INFO  [o.n.k.i.DiagnosticsManager] sun.jnu.encoding = UTF-8
2017-10-18 08:20:09.055+0000 INFO  [o.n.k.i.DiagnosticsManager] sun.management.compiler = HotSpot 64-Bit Tiered Compilers
2017-10-18 08:20:09.055+0000 INFO  [o.n.k.i.DiagnosticsManager] http.nonProxyHosts = local|*.local|169.254/16|*.169.254/16
2017-10-18 08:20:09.055+0000 INFO  [o.n.k.i.DiagnosticsManager] user.home = /Users/anke
2017-10-18 08:20:09.055+0000 INFO  [o.n.k.i.DiagnosticsManager] user.timezone = Asia/Shanghai
2017-10-18 08:20:09.055+0000 INFO  [o.n.k.i.DiagnosticsManager] file.encoding = UTF-8
2017-10-18 08:20:09.055+0000 INFO  [o.n.k.i.DiagnosticsManager] idea.launcher.bin.path = /Applications/IntelliJ IDEA.app/Contents/bin
2017-10-18 08:20:09.056+0000 INFO  [o.n.k.i.DiagnosticsManager] user.name = anke
2017-10-18 08:20:09.056+0000 INFO  [o.n.k.i.DiagnosticsManager] sun.java.command = com.intellij.rt.execution.application.AppMain com.intellij.rt.execution.junit.JUnitStarter -ideVersion5 com.mininglamp.test.LineageTest,testCreatedb2
2017-10-18 08:20:09.056+0000 INFO  [o.n.k.i.DiagnosticsManager] sun.arch.data.model = 64
2017-10-18 08:20:09.056+0000 INFO  [o.n.k.i.DiagnosticsManager] user.language = zh
2017-10-18 08:20:09.056+0000 INFO  [o.n.k.i.DiagnosticsManager] awt.toolkit = sun.lwawt.macosx.LWCToolkit
2017-10-18 08:20:09.056+0000 INFO  [o.n.k.i.DiagnosticsManager] file.separator = /
2017-10-18 08:20:09.056+0000 INFO  [o.n.k.i.DiagnosticsManager] sun.io.unicode.encoding = UnicodeBig
2017-10-18 08:20:09.056+0000 INFO  [o.n.k.i.DiagnosticsManager] sun.cpu.endian = little
2017-10-18 08:20:09.056+0000 INFO  [o.n.k.i.DiagnosticsManager] socksNonProxyHosts = local|*.local|169.254/16|*.169.254/16
2017-10-18 08:20:09.056+0000 INFO  [o.n.k.i.DiagnosticsManager] ftp.nonProxyHosts = local|*.local|169.254/16|*.169.254/16
2017-10-18 08:20:09.056+0000 INFO  [o.n.k.i.DiagnosticsManager] sun.cpu.isalist = 
2017-10-18 08:20:09.056+0000 INFO  [o.n.k.i.DiagnosticsManager] Network information:
2017-10-18 08:20:09.057+0000 INFO  [o.n.k.i.DiagnosticsManager] Interface utun0:
2017-10-18 08:20:09.057+0000 INFO  [o.n.k.i.DiagnosticsManager]     address: fe80:0:0:0:8f0f:7be9:5ba:a431%utun0
2017-10-18 08:20:09.057+0000 INFO  [o.n.k.i.DiagnosticsManager] Interface awdl0:
2017-10-18 08:20:09.058+0000 INFO  [o.n.k.i.DiagnosticsManager]     address: fe80:0:0:0:5058:e1ff:fe75:e1ea%awdl0
2017-10-18 08:20:09.058+0000 INFO  [o.n.k.i.DiagnosticsManager] Interface en0:
2017-10-18 08:20:09.058+0000 INFO  [o.n.k.i.DiagnosticsManager]     address: fe80:0:0:0:1ce5:1154:ff20:88e1%en0
2017-10-18 08:20:09.058+0000 INFO  [o.n.k.i.DiagnosticsManager]     address: 192.168.1.3
2017-10-18 08:20:09.058+0000 INFO  [o.n.k.i.DiagnosticsManager] Interface lo0:
2017-10-18 08:20:09.058+0000 INFO  [o.n.k.i.DiagnosticsManager]     address: fe80:0:0:0:0:0:0:1%lo0
2017-10-18 08:20:09.058+0000 INFO  [o.n.k.i.DiagnosticsManager]     address: 0:0:0:0:0:0:0:1
2017-10-18 08:20:09.058+0000 INFO  [o.n.k.i.DiagnosticsManager]     address: 127.0.0.1
2017-10-18 08:20:09.058+0000 INFO  [o.n.k.i.DiagnosticsManager] --- INITIALIZED diagnostics END ---
2017-10-18 08:20:10.088+0000 INFO  [o.n.k.a.i.i.LuceneLabelScanStore] No lucene scan store index found, this might just be first use. Preparing to rebuild.
2017-10-18 08:20:10.265+0000 INFO  [o.n.k.NeoStoreDataSource] Opened logical log [/Users/anke/learn/javaApp/sqllineage/lineage-db/neostore.transaction.db.0] version=0, lastTxId=1 (clean)
2017-10-18 08:20:10.282+0000 WARN  [o.n.k.i.s.MetaDataStore] Missing counts store, rebuilding it.
2017-10-18 08:20:10.366+0000 INFO  [o.n.k.a.i.i.LuceneLabelScanStore] Rebuilding lucene scan store, this may take a while
2017-10-18 08:20:10.368+0000 INFO  [o.n.k.a.i.i.LuceneLabelScanStore] Lucene scan store rebuilt (roughly -1 nodes)
2017-10-18 08:20:10.374+0000 INFO  [o.n.k.KernelHealth] Kernel health set to OK
2017-10-18 08:20:10.617+0000 INFO  [o.n.k.AvailabilityGuard] Fulfilling of requirement makes database available: Database available
2017-10-18 08:20:10.618+0000 INFO  [o.n.k.i.f.CommunityFacadeFactory] Database is now ready
2017-10-18 08:20:10.619+0000 INFO  [o.n.k.i.DiagnosticsManager] --- STARTED diagnostics for KernelDiagnostics:Versions START ---
2017-10-18 08:20:10.620+0000 INFO  [o.n.k.i.DiagnosticsManager] Graph Database: Community StoreId{creationTime=1508314809647, randomId=-3950355874485978845, storeVersion=15250506225055238, upgradeTime=1508314809647, upgradeId=1}
2017-10-18 08:20:10.620+0000 INFO  [o.n.k.i.DiagnosticsManager] Kernel version: 2.3.11,9d223c48255eb942992bf0ab74d9d29a4ad06f89
2017-10-18 08:20:10.620+0000 INFO  [o.n.k.i.DiagnosticsManager] --- STARTED diagnostics for KernelDiagnostics:Versions END ---
2017-10-18 08:20:10.622+0000 INFO  [o.n.k.i.DiagnosticsManager] --- STARTED diagnostics for NEO_STORE_VERSIONS START ---
2017-10-18 08:20:10.622+0000 INFO  [o.n.k.i.DiagnosticsManager] Store versions:
2017-10-18 08:20:10.622+0000 INFO  [o.n.k.i.DiagnosticsManager] Store versions:
2017-10-18 08:20:10.622+0000 INFO  [o.n.k.i.DiagnosticsManager] ArrayPropertyStore v0.A.6
2017-10-18 08:20:10.622+0000 INFO  [o.n.k.i.DiagnosticsManager] NodeStore v0.A.6
2017-10-18 08:20:10.622+0000 INFO  [o.n.k.i.DiagnosticsManager] StringPropertyStore v0.A.6
2017-10-18 08:20:10.622+0000 INFO  [o.n.k.i.DiagnosticsManager] PropertyIndexStore v0.A.6
2017-10-18 08:20:10.622+0000 INFO  [o.n.k.i.DiagnosticsManager] StringPropertyStore v0.A.6
2017-10-18 08:20:10.622+0000 INFO  [o.n.k.i.DiagnosticsManager] ArrayPropertyStore v0.A.6
2017-10-18 08:20:10.622+0000 INFO  [o.n.k.i.DiagnosticsManager] PropertyStore v0.A.6
2017-10-18 08:20:10.622+0000 INFO  [o.n.k.i.DiagnosticsManager] RelationshipStore v0.A.6
2017-10-18 08:20:10.622+0000 INFO  [o.n.k.i.DiagnosticsManager] StringPropertyStore v0.A.6
2017-10-18 08:20:10.622+0000 INFO  [o.n.k.i.DiagnosticsManager] RelationshipTypeStore v0.A.6
2017-10-18 08:20:10.623+0000 INFO  [o.n.k.i.DiagnosticsManager] StringPropertyStore v0.A.6
2017-10-18 08:20:10.623+0000 INFO  [o.n.k.i.DiagnosticsManager] LabelTokenStore v0.A.6
2017-10-18 08:20:10.623+0000 INFO  [o.n.k.i.DiagnosticsManager] SchemaStore v0.A.6
2017-10-18 08:20:10.623+0000 INFO  [o.n.k.i.DiagnosticsManager] RelationshipGroupStore v0.A.6
2017-10-18 08:20:10.623+0000 INFO  [o.n.k.i.DiagnosticsManager] NeoStore v0.A.6
2017-10-18 08:20:10.623+0000 INFO  [o.n.k.i.DiagnosticsManager] --- STARTED diagnostics for NEO_STORE_VERSIONS END ---
2017-10-18 08:20:10.624+0000 INFO  [o.n.k.i.DiagnosticsManager] --- STARTED diagnostics for NEO_STORE_ID_USAGE START ---
2017-10-18 08:20:10.624+0000 INFO  [o.n.k.i.DiagnosticsManager] Id usage:
2017-10-18 08:20:10.624+0000 INFO  [o.n.k.i.DiagnosticsManager] Id usage:
2017-10-18 08:20:10.624+0000 INFO  [o.n.k.i.DiagnosticsManager]   ArrayPropertyStore v0.A.6: used=1 high=0
2017-10-18 08:20:10.624+0000 INFO  [o.n.k.i.DiagnosticsManager]   NodeStore v0.A.6: used=0 high=-1
2017-10-18 08:20:10.625+0000 INFO  [o.n.k.i.DiagnosticsManager]   StringPropertyStore v0.A.6: used=1 high=0
2017-10-18 08:20:10.625+0000 INFO  [o.n.k.i.DiagnosticsManager]   PropertyIndexStore v0.A.6: used=0 high=-1
2017-10-18 08:20:10.625+0000 INFO  [o.n.k.i.DiagnosticsManager]   StringPropertyStore v0.A.6: used=1 high=0
2017-10-18 08:20:10.625+0000 INFO  [o.n.k.i.DiagnosticsManager]   ArrayPropertyStore v0.A.6: used=1 high=0
2017-10-18 08:20:10.625+0000 INFO  [o.n.k.i.DiagnosticsManager]   PropertyStore v0.A.6: used=0 high=-1
2017-10-18 08:20:10.625+0000 INFO  [o.n.k.i.DiagnosticsManager]   RelationshipStore v0.A.6: used=0 high=-1
2017-10-18 08:20:10.625+0000 INFO  [o.n.k.i.DiagnosticsManager]   StringPropertyStore v0.A.6: used=1 high=0
2017-10-18 08:20:10.626+0000 INFO  [o.n.k.i.DiagnosticsManager]   RelationshipTypeStore v0.A.6: used=0 high=-1
2017-10-18 08:20:10.626+0000 INFO  [o.n.k.i.DiagnosticsManager]   StringPropertyStore v0.A.6: used=1 high=0
2017-10-18 08:20:10.626+0000 INFO  [o.n.k.i.DiagnosticsManager]   LabelTokenStore v0.A.6: used=0 high=-1
2017-10-18 08:20:10.626+0000 INFO  [o.n.k.i.DiagnosticsManager]   SchemaStore v0.A.6: used=1 high=0
2017-10-18 08:20:10.627+0000 INFO  [o.n.k.i.DiagnosticsManager]   RelationshipGroupStore v0.A.6: used=1 high=0
2017-10-18 08:20:10.627+0000 INFO  [o.n.k.i.DiagnosticsManager]   NeoStore v0.A.6: used=15 high=14
2017-10-18 08:20:10.627+0000 INFO  [o.n.k.i.DiagnosticsManager] --- STARTED diagnostics for NEO_STORE_ID_USAGE END ---
2017-10-18 08:20:10.627+0000 INFO  [o.n.k.i.DiagnosticsManager] --- STARTED diagnostics for NEO_STORE_RECORDS START ---
2017-10-18 08:20:10.628+0000 INFO  [o.n.k.i.DiagnosticsManager] Neostore records:
2017-10-18 08:20:10.629+0000 INFO  [o.n.k.i.DiagnosticsManager] TIME (Creation time): 1508314809647
2017-10-18 08:20:10.629+0000 INFO  [o.n.k.i.DiagnosticsManager] RANDOM_NUMBER (Random number for store id): -3950355874485978845
2017-10-18 08:20:10.629+0000 INFO  [o.n.k.i.DiagnosticsManager] LOG_VERSION (Current log version): 0
2017-10-18 08:20:10.629+0000 INFO  [o.n.k.i.DiagnosticsManager] LAST_TRANSACTION_ID (Last committed transaction): 1
2017-10-18 08:20:10.629+0000 INFO  [o.n.k.i.DiagnosticsManager] STORE_VERSION (Store format version): 15250506225055238
2017-10-18 08:20:10.629+0000 INFO  [o.n.k.i.DiagnosticsManager] FIRST_GRAPH_PROPERTY (First property record containing graph properties): -1
2017-10-18 08:20:10.629+0000 INFO  [o.n.k.i.DiagnosticsManager] LAST_CONSTRAINT_TRANSACTION (Last committed transaction containing constraint changes): 0
2017-10-18 08:20:10.629+0000 INFO  [o.n.k.i.DiagnosticsManager] UPGRADE_TRANSACTION_ID (Transaction id most recent upgrade was performed at): 1
2017-10-18 08:20:10.629+0000 INFO  [o.n.k.i.DiagnosticsManager] UPGRADE_TIME (Time of last upgrade): 1508314809647
2017-10-18 08:20:10.630+0000 INFO  [o.n.k.i.DiagnosticsManager] LAST_TRANSACTION_CHECKSUM (Checksum of last committed transaction): 0
2017-10-18 08:20:10.630+0000 INFO  [o.n.k.i.DiagnosticsManager] UPGRADE_TRANSACTION_CHECKSUM (Checksum of transaction id the most recent upgrade was performed at): 0
2017-10-18 08:20:10.630+0000 INFO  [o.n.k.i.DiagnosticsManager] LAST_CLOSED_TRANSACTION_LOG_VERSION (Log version where the last transaction commit entry has been written into): 0
2017-10-18 08:20:10.630+0000 INFO  [o.n.k.i.DiagnosticsManager] LAST_CLOSED_TRANSACTION_LOG_BYTE_OFFSET (Byte offset in the log file where the last transaction commit entry has been written into): 16
2017-10-18 08:20:10.630+0000 INFO  [o.n.k.i.DiagnosticsManager] LAST_TRANSACTION_COMMIT_TIMESTAMP (Commit time timestamp for last committed transaction): 0
2017-10-18 08:20:10.630+0000 INFO  [o.n.k.i.DiagnosticsManager] UPGRADE_TRANSACTION_COMMIT_TIMESTAMP (Commit timestamp of transaction the most recent upgrade was performed at): 0
2017-10-18 08:20:10.630+0000 INFO  [o.n.k.i.DiagnosticsManager] --- STARTED diagnostics for NEO_STORE_RECORDS END ---
2017-10-18 08:20:10.630+0000 INFO  [o.n.k.i.DiagnosticsManager] --- STARTED diagnostics for TRANSACTION_RANGE START ---
2017-10-18 08:20:10.630+0000 INFO  [o.n.k.i.DiagnosticsManager] Transaction log:
2017-10-18 08:20:10.632+0000 INFO  [o.n.k.i.DiagnosticsManager] No transactions found in any log
2017-10-18 08:20:10.632+0000 INFO  [o.n.k.i.DiagnosticsManager] --- STARTED diagnostics for TRANSACTION_RANGE END ---
2017-10-18 08:20:10.632+0000 INFO  [o.n.k.i.DiagnosticsManager] --- STARTED diagnostics for KernelDiagnostics:StoreFiles START ---
2017-10-18 08:20:10.632+0000 INFO  [o.n.k.i.DiagnosticsManager] Disk space on partition (Total / Free / Free %): 120108089344 / 39221850112 / 32
Storage files: (filename : modification date - size)
2017-10-18 08:20:10.633+0000 INFO  [o.n.k.i.DiagnosticsManager]   index:
2017-10-18 08:20:10.633+0000 INFO  [o.n.k.i.DiagnosticsManager]   - Total: 2017-10-18T16:20:09+0800 - 0.00 B
2017-10-18 08:20:10.634+0000 INFO  [o.n.k.i.DiagnosticsManager]   messages.log: 2017-10-18T16:20:10+0800 - 32.29 kB
2017-10-18 08:20:10.634+0000 INFO  [o.n.k.i.DiagnosticsManager]   neostore: 2017-10-18T16:20:09+0800 - 8.00 kB
2017-10-18 08:20:10.634+0000 INFO  [o.n.k.i.DiagnosticsManager]   neostore.counts.db.a: 2017-10-18T16:20:10+0800 - 96.00 B
2017-10-18 08:20:10.634+0000 INFO  [o.n.k.i.DiagnosticsManager]   neostore.id: 2017-10-18T16:20:09+0800 - 9.00 B
2017-10-18 08:20:10.634+0000 INFO  [o.n.k.i.DiagnosticsManager]   neostore.labeltokenstore.db: 2017-10-18T16:20:09+0800 - 0.00 B
2017-10-18 08:20:10.635+0000 INFO  [o.n.k.i.DiagnosticsManager]   neostore.labeltokenstore.db.id: 2017-10-18T16:20:09+0800 - 9.00 B
2017-10-18 08:20:10.635+0000 INFO  [o.n.k.i.DiagnosticsManager]   neostore.labeltokenstore.db.names: 2017-10-18T16:20:09+0800 - 8.00 kB
2017-10-18 08:20:10.635+0000 INFO  [o.n.k.i.DiagnosticsManager]   neostore.labeltokenstore.db.names.id: 2017-10-18T16:20:09+0800 - 9.00 B
2017-10-18 08:20:10.635+0000 INFO  [o.n.k.i.DiagnosticsManager]   neostore.nodestore.db: 2017-10-18T16:20:09+0800 - 0.00 B
2017-10-18 08:20:10.635+0000 INFO  [o.n.k.i.DiagnosticsManager]   neostore.nodestore.db.id: 2017-10-18T16:20:09+0800 - 9.00 B
2017-10-18 08:20:10.635+0000 INFO  [o.n.k.i.DiagnosticsManager]   neostore.nodestore.db.labels: 2017-10-18T16:20:09+0800 - 8.00 kB
2017-10-18 08:20:10.636+0000 INFO  [o.n.k.i.DiagnosticsManager]   neostore.nodestore.db.labels.id: 2017-10-18T16:20:09+0800 - 9.00 B
2017-10-18 08:20:10.636+0000 INFO  [o.n.k.i.DiagnosticsManager]   neostore.propertystore.db: 2017-10-18T16:20:09+0800 - 0.00 B
2017-10-18 08:20:10.636+0000 INFO  [o.n.k.i.DiagnosticsManager]   neostore.propertystore.db.arrays: 2017-10-18T16:20:09+0800 - 8.00 kB
2017-10-18 08:20:10.636+0000 INFO  [o.n.k.i.DiagnosticsManager]   neostore.propertystore.db.arrays.id: 2017-10-18T16:20:09+0800 - 9.00 B
2017-10-18 08:20:10.636+0000 INFO  [o.n.k.i.DiagnosticsManager]   neostore.propertystore.db.id: 2017-10-18T16:20:09+0800 - 9.00 B
2017-10-18 08:20:10.636+0000 INFO  [o.n.k.i.DiagnosticsManager]   neostore.propertystore.db.index: 2017-10-18T16:20:09+0800 - 0.00 B
2017-10-18 08:20:10.637+0000 INFO  [o.n.k.i.DiagnosticsManager]   neostore.propertystore.db.index.id: 2017-10-18T16:20:09+0800 - 9.00 B
2017-10-18 08:20:10.637+0000 INFO  [o.n.k.i.DiagnosticsManager]   neostore.propertystore.db.index.keys: 2017-10-18T16:20:09+0800 - 8.00 kB
2017-10-18 08:20:10.637+0000 INFO  [o.n.k.i.DiagnosticsManager]   neostore.propertystore.db.index.keys.id: 2017-10-18T16:20:09+0800 - 9.00 B
2017-10-18 08:20:10.637+0000 INFO  [o.n.k.i.DiagnosticsManager]   neostore.propertystore.db.strings: 2017-10-18T16:20:09+0800 - 8.00 kB
2017-10-18 08:20:10.637+0000 INFO  [o.n.k.i.DiagnosticsManager]   neostore.propertystore.db.strings.id: 2017-10-18T16:20:09+0800 - 9.00 B
2017-10-18 08:20:10.637+0000 INFO  [o.n.k.i.DiagnosticsManager]   neostore.relationshipgroupstore.db: 2017-10-18T16:20:09+0800 - 8.00 kB
2017-10-18 08:20:10.638+0000 INFO  [o.n.k.i.DiagnosticsManager]   neostore.relationshipgroupstore.db.id: 2017-10-18T16:20:09+0800 - 9.00 B
2017-10-18 08:20:10.638+0000 INFO  [o.n.k.i.DiagnosticsManager]   neostore.relationshipstore.db: 2017-10-18T16:20:09+0800 - 0.00 B
2017-10-18 08:20:10.638+0000 INFO  [o.n.k.i.DiagnosticsManager]   neostore.relationshipstore.db.id: 2017-10-18T16:20:09+0800 - 9.00 B
2017-10-18 08:20:10.638+0000 INFO  [o.n.k.i.DiagnosticsManager]   neostore.relationshiptypestore.db: 2017-10-18T16:20:09+0800 - 0.00 B
2017-10-18 08:20:10.638+0000 INFO  [o.n.k.i.DiagnosticsManager]   neostore.relationshiptypestore.db.id: 2017-10-18T16:20:09+0800 - 9.00 B
2017-10-18 08:20:10.639+0000 INFO  [o.n.k.i.DiagnosticsManager]   neostore.relationshiptypestore.db.names: 2017-10-18T16:20:09+0800 - 8.00 kB
2017-10-18 08:20:10.639+0000 INFO  [o.n.k.i.DiagnosticsManager]   neostore.relationshiptypestore.db.names.id: 2017-10-18T16:20:09+0800 - 9.00 B
2017-10-18 08:20:10.639+0000 INFO  [o.n.k.i.DiagnosticsManager]   neostore.schemastore.db: 2017-10-18T16:20:09+0800 - 8.00 kB
2017-10-18 08:20:10.639+0000 INFO  [o.n.k.i.DiagnosticsManager]   neostore.schemastore.db.id: 2017-10-18T16:20:09+0800 - 9.00 B
2017-10-18 08:20:10.639+0000 INFO  [o.n.k.i.DiagnosticsManager]   neostore.transaction.db.0: 2017-10-18T16:20:10+0800 - 16.00 B
2017-10-18 08:20:10.639+0000 INFO  [o.n.k.i.DiagnosticsManager]   schema:
2017-10-18 08:20:10.639+0000 INFO  [o.n.k.i.DiagnosticsManager]     label:
2017-10-18 08:20:10.639+0000 INFO  [o.n.k.i.DiagnosticsManager]       lucene:
2017-10-18 08:20:10.640+0000 INFO  [o.n.k.i.DiagnosticsManager]         write.lock: 2017-10-18T16:20:10+0800 - 0.00 B
2017-10-18 08:20:10.640+0000 INFO  [o.n.k.i.DiagnosticsManager]       - Total: 2017-10-18T16:20:10+0800 - 0.00 B
2017-10-18 08:20:10.640+0000 INFO  [o.n.k.i.DiagnosticsManager]     - Total: 2017-10-18T16:20:10+0800 - 0.00 B
2017-10-18 08:20:10.640+0000 INFO  [o.n.k.i.DiagnosticsManager]   - Total: 2017-10-18T16:20:10+0800 - 0.00 B
2017-10-18 08:20:10.640+0000 INFO  [o.n.k.i.DiagnosticsManager]   store_lock: 2017-10-18T16:20:09+0800 - 0.00 B
2017-10-18 08:20:10.640+0000 INFO  [o.n.k.i.DiagnosticsManager] --- STARTED diagnostics for KernelDiagnostics:StoreFiles END ---
2017-10-18 08:20:12.284+0000 INFO  [o.n.k.i.f.GraphDatabaseFacade] Shutdown started
2017-10-18 08:20:12.285+0000 INFO  [o.n.k.i.f.CommunityFacadeFactory] Database is now unavailable
2017-10-18 08:20:12.317+0000 INFO  [o.n.k.i.s.c.CountsTracker] About to rotate counts store at transaction 12 to [/Users/anke/learn/javaApp/sqllineage/lineage-db/neostore.counts.db.b], from [/Users/anke/learn/javaApp/sqllineage/lineage-db/neostore.counts.db.a].
2017-10-18 08:20:12.318+0000 INFO  [o.n.k.i.s.c.CountsTracker] Successfully rotated counts store at transaction 12 to [/Users/anke/learn/javaApp/sqllineage/lineage-db/neostore.counts.db.b], from [/Users/anke/learn/javaApp/sqllineage/lineage-db/neostore.counts.db.a].
2017-10-18 08:20:12.327+0000 INFO  [o.n.k.i.t.l.c.CheckPointerImpl] Check Pointing triggered by database shutdown [12]:  Starting check pointing...
2017-10-18 08:20:12.327+0000 INFO  [o.n.k.i.t.l.c.CheckPointerImpl] Check Pointing triggered by database shutdown [12]:  Starting store flush...
2017-10-18 08:20:12.331+0000 INFO  [o.n.k.i.t.l.c.CheckPointerImpl] Check Pointing triggered by database shutdown [12]:  Store flush completed
2017-10-18 08:20:12.332+0000 INFO  [o.n.k.i.t.l.c.CheckPointerImpl] Check Pointing triggered by database shutdown [12]:  Starting appending check point entry into the tx log...
2017-10-18 08:20:12.332+0000 INFO  [o.n.k.i.t.l.c.CheckPointerImpl] Check Pointing triggered by database shutdown [12]:  Appending check point entry into the tx log completed
2017-10-18 08:20:12.332+0000 INFO  [o.n.k.i.t.l.c.CheckPointerImpl] Check Pointing triggered by database shutdown [12]:  Check pointing completed
2017-10-18 08:20:12.332+0000 INFO  [o.n.k.i.t.l.p.LogPruningImpl] Log Rotation [0]:  Starting log pruning.
2017-10-18 08:20:12.332+0000 INFO  [o.n.k.i.t.l.p.LogPruningImpl] Log Rotation [0]:  Log pruning complete.
2017-10-18 08:20:12.372+0000 INFO  [o.n.k.NeoStoreDataSource] NeoStores closed
2017-10-18 08:20:12.373+0000 INFO  [o.n.k.i.DiagnosticsManager] --- STOPPING diagnostics START ---
2017-10-18 08:20:12.373+0000 INFO  [o.n.k.i.DiagnosticsManager] --- STOPPING diagnostics END ---
2017-10-18 08:20:21.329+0000 INFO  [o.n.k.i.f.CommunityFacadeFactory] No locking implementation specified, defaulting to 'community'
2017-10-18 08:20:21.385+0000 INFO  [o.n.k.AvailabilityGuard] Requirement makes database unavailable: Database available
2017-10-18 08:20:21.390+0000 INFO  [o.n.k.i.DiagnosticsManager] --- INITIALIZED diagnostics START ---
2017-10-18 08:20:21.391+0000 INFO  [o.n.k.i.DiagnosticsManager] Neo4j Kernel properties:
2017-10-18 08:20:21.392+0000 INFO  [o.n.k.i.DiagnosticsManager] dbms.security.auth_enabled=true
2017-10-18 08:20:21.392+0000 INFO  [o.n.k.i.DiagnosticsManager] edition=Community
2017-10-18 08:20:21.392+0000 INFO  [o.n.k.i.DiagnosticsManager] org.neo4j.server.http.log.enabled=false
2017-10-18 08:20:21.392+0000 INFO  [o.n.k.i.DiagnosticsManager] org.neo4j.server.webadmin.rrdb.location=data/rrd
2017-10-18 08:20:21.393+0000 INFO  [o.n.k.i.DiagnosticsManager] org.neo4j.server.db.tuning.properties=conf/neo4j.properties
2017-10-18 08:20:21.393+0000 INFO  [o.n.k.i.DiagnosticsManager] dbms.security.tls_certificate_file=conf/ssl/snakeoil.cert
2017-10-18 08:20:21.393+0000 INFO  [o.n.k.i.DiagnosticsManager] org.neo4j.server.webserver.https.keystore.location=data/keystore
2017-10-18 08:20:21.393+0000 INFO  [o.n.k.i.DiagnosticsManager] dbms.querylog.filename=data/log/queries.log
2017-10-18 08:20:21.393+0000 INFO  [o.n.k.i.DiagnosticsManager] dbms.security.tls_key_file=conf/ssl/snakeoil.key
2017-10-18 08:20:21.393+0000 INFO  [o.n.k.i.DiagnosticsManager] org.neo4j.server.webserver.address=0.0.0.0
2017-10-18 08:20:21.393+0000 INFO  [o.n.k.i.DiagnosticsManager] org.neo4j.server.database.location=/Users/anke/learn/javaApp/sqllineage/lineage-db
2017-10-18 08:20:21.393+0000 INFO  [o.n.k.i.DiagnosticsManager] remote_shell_enabled=true
2017-10-18 08:20:21.393+0000 INFO  [o.n.k.i.DiagnosticsManager] org.neo4j.server.webserver.https.port=7473
2017-10-18 08:20:21.393+0000 INFO  [o.n.k.i.DiagnosticsManager] org.neo4j.server.webserver.port=7474
2017-10-18 08:20:21.394+0000 INFO  [o.n.k.i.DiagnosticsManager] org.neo4j.server.webserver.https.enabled=true
2017-10-18 08:20:21.394+0000 INFO  [o.n.k.i.DiagnosticsManager] org.neo4j.server.http.log.config=conf/neo4j-http-logging.xml
2017-10-18 08:20:21.394+0000 INFO  [o.n.k.i.DiagnosticsManager] Diagnostics providers:
2017-10-18 08:20:21.394+0000 INFO  [o.n.k.i.DiagnosticsManager] org.neo4j.kernel.configuration.Config
2017-10-18 08:20:21.394+0000 INFO  [o.n.k.i.DiagnosticsManager] org.neo4j.kernel.info.DiagnosticsManager
2017-10-18 08:20:21.394+0000 INFO  [o.n.k.i.DiagnosticsManager] SYSTEM_MEMORY
2017-10-18 08:20:21.394+0000 INFO  [o.n.k.i.DiagnosticsManager] JAVA_MEMORY
2017-10-18 08:20:21.394+0000 INFO  [o.n.k.i.DiagnosticsManager] OPERATING_SYSTEM
2017-10-18 08:20:21.394+0000 INFO  [o.n.k.i.DiagnosticsManager] JAVA_VIRTUAL_MACHINE
2017-10-18 08:20:21.394+0000 INFO  [o.n.k.i.DiagnosticsManager] CLASSPATH
2017-10-18 08:20:21.394+0000 INFO  [o.n.k.i.DiagnosticsManager] LIBRARY_PATH
2017-10-18 08:20:21.394+0000 INFO  [o.n.k.i.DiagnosticsManager] SYSTEM_PROPERTIES
2017-10-18 08:20:21.394+0000 INFO  [o.n.k.i.DiagnosticsManager] NETWORK
2017-10-18 08:20:21.395+0000 INFO  [o.n.k.i.DiagnosticsManager] System memory information:
2017-10-18 08:20:21.396+0000 INFO  [o.n.k.i.DiagnosticsManager] Total Physical memory: 8.00 GB
2017-10-18 08:20:21.397+0000 INFO  [o.n.k.i.DiagnosticsManager] Free Physical memory: 373.93 MB
2017-10-18 08:20:21.398+0000 INFO  [o.n.k.i.DiagnosticsManager] Committed virtual memory: 5.80 GB
2017-10-18 08:20:21.398+0000 INFO  [o.n.k.i.DiagnosticsManager] Total swap space: 3.00 GB
2017-10-18 08:20:21.399+0000 INFO  [o.n.k.i.DiagnosticsManager] Free swap space: 1.50 GB
2017-10-18 08:20:21.399+0000 INFO  [o.n.k.i.DiagnosticsManager] JVM memory information:
2017-10-18 08:20:21.399+0000 INFO  [o.n.k.i.DiagnosticsManager] Free  memory: 81.77 MB
2017-10-18 08:20:21.399+0000 INFO  [o.n.k.i.DiagnosticsManager] Total memory: 128.00 MB
2017-10-18 08:20:21.400+0000 INFO  [o.n.k.i.DiagnosticsManager] Max   memory: 2.00 GB
2017-10-18 08:20:21.402+0000 INFO  [o.n.k.i.DiagnosticsManager] Garbage Collector: G1 Young Generation: [G1 Eden Space, G1 Survivor Space]
2017-10-18 08:20:21.402+0000 INFO  [o.n.k.i.DiagnosticsManager] Garbage Collector: G1 Old Generation: [G1 Eden Space, G1 Survivor Space, G1 Old Gen]
2017-10-18 08:20:21.404+0000 INFO  [o.n.k.i.DiagnosticsManager] Memory Pool: Code Cache (Non-heap memory): committed=3.69 MB, used=3.63 MB, max=240.00 MB, threshold=0.00 B
2017-10-18 08:20:21.404+0000 INFO  [o.n.k.i.DiagnosticsManager] Memory Pool: Metaspace (Non-heap memory): committed=12.75 MB, used=12.34 MB, max=-1.00 B, threshold=0.00 B
2017-10-18 08:20:21.405+0000 INFO  [o.n.k.i.DiagnosticsManager] Memory Pool: Compressed Class Space (Non-heap memory): committed=1.75 MB, used=1.62 MB, max=1.00 GB, threshold=0.00 B
2017-10-18 08:20:21.405+0000 INFO  [o.n.k.i.DiagnosticsManager] Memory Pool: G1 Eden Space (Heap memory): committed=78.00 MB, used=33.00 MB, max=-1.00 B, threshold=?
2017-10-18 08:20:21.406+0000 INFO  [o.n.k.i.DiagnosticsManager] Memory Pool: G1 Survivor Space (Heap memory): committed=2.00 MB, used=2.00 MB, max=-1.00 B, threshold=?
2017-10-18 08:20:21.406+0000 INFO  [o.n.k.i.DiagnosticsManager] Memory Pool: G1 Old Gen (Heap memory): committed=48.00 MB, used=9.23 MB, max=2.00 GB, threshold=0.00 B
2017-10-18 08:20:21.406+0000 INFO  [o.n.k.i.DiagnosticsManager] Operating system information:
2017-10-18 08:20:21.407+0000 INFO  [o.n.k.i.DiagnosticsManager] Operating System: Mac OS X; version: 10.12.6; arch: x86_64; cpus: 4
2017-10-18 08:20:21.408+0000 INFO  [o.n.k.i.DiagnosticsManager] Max number of file descriptors: 10.00 kB
2017-10-18 08:20:21.408+0000 INFO  [o.n.k.i.DiagnosticsManager] Number of open file descriptors: 97.00 B
2017-10-18 08:20:21.412+0000 INFO  [o.n.k.i.DiagnosticsManager] Process id: 29049@localhost
2017-10-18 08:20:21.412+0000 INFO  [o.n.k.i.DiagnosticsManager] Byte order: LITTLE_ENDIAN
2017-10-18 08:20:21.412+0000 INFO  [o.n.k.i.DiagnosticsManager] Local timezone: Asia/Shanghai
2017-10-18 08:20:21.412+0000 INFO  [o.n.k.i.DiagnosticsManager] JVM information:
2017-10-18 08:20:21.412+0000 INFO  [o.n.k.i.DiagnosticsManager] VM Name: Java HotSpot(TM) 64-Bit Server VM
2017-10-18 08:20:21.412+0000 INFO  [o.n.k.i.DiagnosticsManager] VM Vendor: Oracle Corporation
2017-10-18 08:20:21.413+0000 INFO  [o.n.k.i.DiagnosticsManager] VM Version: 25.112-b16
2017-10-18 08:20:21.413+0000 INFO  [o.n.k.i.DiagnosticsManager] JIT compiler: HotSpot 64-Bit Tiered Compilers
2017-10-18 08:20:21.414+0000 INFO  [o.n.k.i.DiagnosticsManager] VM Arguments: [-XX:+DisableExplicitGC, -Dorg.neo4j.server.properties=conf/neo4j-server.properties, -Dlog4j.configuration=file:conf/log4j.properties, -XX:+UseG1GC, -XX:-OmitStackTraceInFastThrow, -XX:hashCode=5, -Dneo4j.ext.udc.source=tarball, -Dneo4j.home=/Users/anke/data/neo4j-community-2.3.11, -Dneo4j.instance=/Users/anke/data/neo4j-community-2.3.11, -Dfile.encoding=UTF-8]
2017-10-18 08:20:21.414+0000 INFO  [o.n.k.i.DiagnosticsManager] Java classpath:
2017-10-18 08:20:21.416+0000 INFO  [o.n.k.i.DiagnosticsManager]  [classpath + loader.0] file:/Users/anke/data/neo4j-community-2.3.11/lib/neo4j-csv-2.3.11.jar
2017-10-18 08:20:21.416+0000 INFO  [o.n.k.i.DiagnosticsManager]  [classpath + loader.0] file:/Users/anke/data/neo4j-community-2.3.11/lib/jline-2.12.jar
2017-10-18 08:20:21.417+0000 INFO  [o.n.k.i.DiagnosticsManager]  [classpath + loader.0] file:/Users/anke/data/neo4j-community-2.3.11/lib/neo4j-unsafe-2.3.11.jar
2017-10-18 08:20:21.417+0000 INFO  [o.n.k.i.DiagnosticsManager]  [classpath + loader.0] file:/Users/anke/data/neo4j-community-2.3.11/system/lib/jetty-server-9.2.9.v20150224.jar
2017-10-18 08:20:21.417+0000 INFO  [o.n.k.i.DiagnosticsManager]  [classpath + loader.0] file:/Users/anke/data/neo4j-community-2.3.11/lib/neo4j-kernel-2.3.11.jar
2017-10-18 08:20:21.417+0000 INFO  [o.n.k.i.DiagnosticsManager]  [loader.1] file:/Library/Java/JavaVirtualMachines/jdk1.8.0_112.jdk/Contents/Home/jre/lib/ext/sunec.jar
2017-10-18 08:20:21.417+0000 INFO  [o.n.k.i.DiagnosticsManager]  [loader.1] file:/Library/Java/JavaVirtualMachines/jdk1.8.0_112.jdk/Contents/Home/jre/lib/ext/zipfs.jar
2017-10-18 08:20:21.417+0000 INFO  [o.n.k.i.DiagnosticsManager]  [classpath + loader.0] file:/Users/anke/data/neo4j-community-2.3.11/lib/parboiled-core-1.1.7.jar
2017-10-18 08:20:21.417+0000 INFO  [o.n.k.i.DiagnosticsManager]  [classpath + loader.0] file:/Users/anke/data/neo4j-community-2.3.11/system/lib/commons-lang-2.6.jar
2017-10-18 08:20:21.417+0000 INFO  [o.n.k.i.DiagnosticsManager]  [classpath + loader.0] file:/Users/anke/data/neo4j-community-2.3.11/lib/neo4j-primitive-collections-2.3.11.jar
2017-10-18 08:20:21.417+0000 INFO  [o.n.k.i.DiagnosticsManager]  [classpath + loader.0] file:/Users/anke/data/neo4j-community-2.3.11/lib/concurrentlinkedhashmap-lru-1.4.2.jar
2017-10-18 08:20:21.417+0000 INFO  [o.n.k.i.DiagnosticsManager]  [classpath + loader.0] file:/Users/anke/data/neo4j-community-2.3.11/system/lib/mimepull-1.9.3.jar
2017-10-18 08:20:21.417+0000 INFO  [o.n.k.i.DiagnosticsManager]  [classpath + loader.0] file:/Users/anke/data/neo4j-community-2.3.11/lib/lucene-core-3.6.2.jar
2017-10-18 08:20:21.417+0000 INFO  [o.n.k.i.DiagnosticsManager]  [classpath + loader.0] file:/Users/anke/data/neo4j-community-2.3.11/lib/scala-reflect-2.11.7.jar
2017-10-18 08:20:21.417+0000 INFO  [o.n.k.i.DiagnosticsManager]  [classpath + loader.0] file:/Users/anke/data/neo4j-community-2.3.11/system/lib/netty-all-4.0.28.Final.jar
2017-10-18 08:20:21.417+0000 INFO  [o.n.k.i.DiagnosticsManager]  [classpath + loader.0] file:/Users/anke/data/neo4j-community-2.3.11/lib/neo4j-import-tool-2.3.11.jar
2017-10-18 08:20:21.417+0000 INFO  [o.n.k.i.DiagnosticsManager]  [classpath + loader.0] file:/Users/anke/data/neo4j-community-2.3.11/lib/opencsv-2.3.jar
2017-10-18 08:20:21.417+0000 INFO  [o.n.k.i.DiagnosticsManager]  [classpath + loader.0] file:/Users/anke/data/neo4j-community-2.3.11/system/lib/jetty-http-9.2.9.v20150224.jar
2017-10-18 08:20:21.417+0000 INFO  [o.n.k.i.DiagnosticsManager]  [classpath + loader.0] file:/Users/anke/data/neo4j-community-2.3.11/lib/neo4j-cypher-2.3.11.jar
2017-10-18 08:20:21.418+0000 INFO  [o.n.k.i.DiagnosticsManager]  [classpath + loader.0] file:/Users/anke/data/neo4j-community-2.3.11/system/lib/commons-digester-2.1.jar
2017-10-18 08:20:21.418+0000 INFO  [o.n.k.i.DiagnosticsManager]  [classpath + loader.0] file:/Users/anke/data/neo4j-community-2.3.11/system/lib/jsr311-api-1.1.2.r612.jar
2017-10-18 08:20:21.418+0000 INFO  [o.n.k.i.DiagnosticsManager]  [classpath + loader.0] file:/Users/anke/data/neo4j-community-2.3.11/system/lib/jetty-webapp-9.2.9.v20150224.jar
2017-10-18 08:20:21.418+0000 INFO  [o.n.k.i.DiagnosticsManager]  [classpath + loader.0] file:/Users/anke/data/neo4j-community-2.3.11/lib/server-api-2.3.11.jar
2017-10-18 08:20:21.418+0000 INFO  [o.n.k.i.DiagnosticsManager]  [classpath + loader.0] file:/Users/anke/data/neo4j-community-2.3.11/system/lib/bcprov-jdk15on-1.52.jar
2017-10-18 08:20:21.418+0000 INFO  [o.n.k.i.DiagnosticsManager]  [classpath + loader.0] file:/Users/anke/data/neo4j-community-2.3.11/system/lib/jackson-core-asl-1.9.13.jar
2017-10-18 08:20:21.418+0000 INFO  [o.n.k.i.DiagnosticsManager]  [classpath + loader.0] file:/Users/anke/data/neo4j-community-2.3.11/system/lib/rrd4j-2.2.jar
2017-10-18 08:20:21.418+0000 INFO  [o.n.k.i.DiagnosticsManager]  [classpath + loader.0] file:/Users/anke/data/neo4j-community-2.3.11/lib/neo4j-consistency-check-legacy-2.3.11.jar
2017-10-18 08:20:21.418+0000 INFO  [o.n.k.i.DiagnosticsManager]  [loader.1] file:/System/Library/Java/Extensions/j3daudio.jar
2017-10-18 08:20:21.418+0000 INFO  [o.n.k.i.DiagnosticsManager]  [loader.1] file:/System/Library/Java/Extensions/j3dutils.jar
2017-10-18 08:20:21.418+0000 INFO  [o.n.k.i.DiagnosticsManager]  [loader.1] file:/System/Library/Java/Extensions/jai_codec.jar
2017-10-18 08:20:21.418+0000 INFO  [o.n.k.i.DiagnosticsManager]  [classpath + loader.0] file:/Users/anke/data/neo4j-community-2.3.11/lib/neo4j-jmx-2.3.11.jar
2017-10-18 08:20:21.418+0000 INFO  [o.n.k.i.DiagnosticsManager]  [classpath + loader.0] file:/Users/anke/data/neo4j-community-2.3.11/system/lib/asm-5.0.2.jar
2017-10-18 08:20:21.418+0000 INFO  [o.n.k.i.DiagnosticsManager]  [loader.1] file:/Library/Java/JavaVirtualMachines/jdk1.8.0_112.jdk/Contents/Home/jre/lib/ext/dnsns.jar
2017-10-18 08:20:21.418+0000 INFO  [o.n.k.i.DiagnosticsManager]  [classpath + loader.0] file:/Users/anke/data/neo4j-community-2.3.11/lib/parboiled-scala_2.11-1.1.7.jar
2017-10-18 08:20:21.418+0000 INFO  [o.n.k.i.DiagnosticsManager]  [classpath + loader.0] file:/Users/anke/data/neo4j-community-2.3.11/system/lib/rhino-1.7R4.jar
2017-10-18 08:20:21.418+0000 INFO  [o.n.k.i.DiagnosticsManager]  [classpath + loader.0] file:/Users/anke/data/neo4j-community-2.3.11/lib/neo4j-cypher-frontend-2.3-2.3.11.jar
2017-10-18 08:20:21.418+0000 INFO  [o.n.k.i.DiagnosticsManager]  [classpath + loader.0] file:/Users/anke/data/neo4j-community-2.3.11/lib/neo4j-graph-matching-2.3.11.jar
2017-10-18 08:20:21.418+0000 INFO  [o.n.k.i.DiagnosticsManager]  [classpath + loader.0] file:/Users/anke/data/neo4j-community-2.3.11/system/lib/commons-configuration-1.10.jar
2017-10-18 08:20:21.419+0000 INFO  [o.n.k.i.DiagnosticsManager]  [loader.1] file:/System/Library/Java/Extensions/libmlib_jai.jnilib
2017-10-18 08:20:21.419+0000 INFO  [o.n.k.i.DiagnosticsManager]  [classpath + loader.0] file:/Users/anke/data/neo4j-community-2.3.11/lib/neo4j-cypher-compiler-1.9_2.11-2.0.5.jar
2017-10-18 08:20:21.419+0000 INFO  [o.n.k.i.DiagnosticsManager]  [classpath + loader.0] file:/Users/anke/data/neo4j-community-2.3.11/lib/neo4j-graph-algo-2.3.11.jar
2017-10-18 08:20:21.419+0000 INFO  [o.n.k.i.DiagnosticsManager]  [classpath + loader.0] file:/Users/anke/data/neo4j-community-2.3.11/lib/neo4j-function-2.3.11.jar
2017-10-18 08:20:21.419+0000 INFO  [o.n.k.i.DiagnosticsManager]  [classpath + loader.0] file:/Users/anke/data/neo4j-community-2.3.11/conf/
2017-10-18 08:20:21.419+0000 INFO  [o.n.k.i.DiagnosticsManager]  [loader.1] file:/System/Library/Java/Extensions/libJ3DAudio.jnilib
2017-10-18 08:20:21.419+0000 INFO  [o.n.k.i.DiagnosticsManager]  [classpath + loader.0] file:/Users/anke/data/neo4j-community-2.3.11/lib/neo4j-udc-2.3.11.jar
2017-10-18 08:20:21.419+0000 INFO  [o.n.k.i.DiagnosticsManager]  [classpath + loader.0] file:/Users/anke/data/neo4j-community-2.3.11/lib/neo4j-consistency-check-2.3.11.jar
2017-10-18 08:20:21.419+0000 INFO  [o.n.k.i.DiagnosticsManager]  [loader.1] file:/System/Library/Java/Extensions/jai_core.jar
2017-10-18 08:20:21.419+0000 INFO  [o.n.k.i.DiagnosticsManager]  [classpath + loader.0] file:/Users/anke/data/neo4j-community-2.3.11/lib/scala-library-2.11.7.jar
2017-10-18 08:20:21.419+0000 INFO  [o.n.k.i.DiagnosticsManager]  [classpath + loader.0] file:/Users/anke/data/neo4j-community-2.3.11/system/lib/neo4j-server-2.3.11-static-web.jar
2017-10-18 08:20:21.419+0000 INFO  [o.n.k.i.DiagnosticsManager]  [classpath + loader.0] file:/Users/anke/data/neo4j-community-2.3.11/system/lib/jetty-security-9.2.9.v20150224.jar
2017-10-18 08:20:21.419+0000 INFO  [o.n.k.i.DiagnosticsManager]  [loader.1] file:/Library/Java/JavaVirtualMachines/jdk1.8.0_112.jdk/Contents/Home/jre/lib/ext/jfxrt.jar
2017-10-18 08:20:21.419+0000 INFO  [o.n.k.i.DiagnosticsManager]  [loader.1] file:/Library/Java/JavaVirtualMachines/jdk1.8.0_112.jdk/Contents/Home/jre/lib/ext/sunjce_provider.jar
2017-10-18 08:20:21.419+0000 INFO  [o.n.k.i.DiagnosticsManager]  [classpath + loader.0] file:/Users/anke/data/neo4j-community-2.3.11/system/lib/logback-core-1.1.2.jar
2017-10-18 08:20:21.419+0000 INFO  [o.n.k.i.DiagnosticsManager]  [classpath + loader.0] file:/Users/anke/data/neo4j-community-2.3.11/lib/neo4j-cypher-compiler-2.2_2.11-2.2.10.jar
2017-10-18 08:20:21.419+0000 INFO  [o.n.k.i.DiagnosticsManager]  [classpath + loader.0] file:/Users/anke/data/neo4j-community-2.3.11/system/lib/slf4j-api-1.7.6.jar
2017-10-18 08:20:21.419+0000 INFO  [o.n.k.i.DiagnosticsManager]  [classpath + loader.0] file:/Users/anke/data/neo4j-community-2.3.11/lib/neo4j-logging-2.3.11.jar
2017-10-18 08:20:21.420+0000 INFO  [o.n.k.i.DiagnosticsManager]  [loader.1] file:/System/Library/Java/Extensions/vecmath.jar
2017-10-18 08:20:21.420+0000 INFO  [o.n.k.i.DiagnosticsManager]  [classpath + loader.0] file:/Users/anke/data/neo4j-community-2.3.11/system/lib/jackson-jaxrs-1.9.13.jar
2017-10-18 08:20:21.420+0000 INFO  [o.n.k.i.DiagnosticsManager]  [classpath + loader.0] file:/Users/anke/data/neo4j-community-2.3.11/system/lib/jetty-servlet-9.2.9.v20150224.jar
2017-10-18 08:20:21.420+0000 INFO  [o.n.k.i.DiagnosticsManager]  [bootstrap] /Library/Java/JavaVirtualMachines/jdk1.8.0_112.jdk/Contents/Home/jre/lib/jsse.jar
2017-10-18 08:20:21.420+0000 INFO  [o.n.k.i.DiagnosticsManager]  [loader.1] file:/System/Library/Java/Extensions/libJ3D.jnilib
2017-10-18 08:20:21.420+0000 INFO  [o.n.k.i.DiagnosticsManager]  [classpath + loader.0] file:/Users/anke/data/neo4j-community-2.3.11/system/lib/jetty-xml-9.2.9.v20150224.jar
2017-10-18 08:20:21.420+0000 INFO  [o.n.k.i.DiagnosticsManager]  [classpath + loader.0] file:/Users/anke/data/neo4j-community-2.3.11/lib/scala-parser-combinators_2.11-1.0.4.jar
2017-10-18 08:20:21.420+0000 INFO  [o.n.k.i.DiagnosticsManager]  [classpath + loader.0] file:/Users/anke/data/neo4j-community-2.3.11/system/lib/jackson-mapper-asl-1.9.13.jar
2017-10-18 08:20:21.420+0000 INFO  [o.n.k.i.DiagnosticsManager]  [classpath + loader.0] file:/Users/anke/data/neo4j-community-2.3.11/system/lib/neo4j-server-2.3.11.jar
2017-10-18 08:20:21.420+0000 INFO  [o.n.k.i.DiagnosticsManager]  [classpath + loader.0] file:/Users/anke/data/neo4j-community-2.3.11/lib/commons-lang3-3.3.2.jar
2017-10-18 08:20:21.420+0000 INFO  [o.n.k.i.DiagnosticsManager]  [classpath + loader.0] file:/Users/anke/data/neo4j-community-2.3.11/lib/neo4j-shell-2.3.11.jar
2017-10-18 08:20:21.420+0000 INFO  [o.n.k.i.DiagnosticsManager]  [classpath + loader.0] file:/Users/anke/data/neo4j-community-2.3.11/system/lib/bcpkix-jdk15on-1.52.jar
2017-10-18 08:20:21.420+0000 INFO  [o.n.k.i.DiagnosticsManager]  [classpath + loader.0] file:/Users/anke/data/neo4j-community-2.3.11/system/lib/javax.servlet-api-3.1.0.jar
2017-10-18 08:20:21.420+0000 INFO  [o.n.k.i.DiagnosticsManager]  [bootstrap] /Library/Java/JavaVirtualMachines/jdk1.8.0_112.jdk/Contents/Home/jre/lib/charsets.jar
2017-10-18 08:20:21.420+0000 INFO  [o.n.k.i.DiagnosticsManager]  [bootstrap] /Library/Java/JavaVirtualMachines/jdk1.8.0_112.jdk/Contents/Home/jre/lib/jce.jar
2017-10-18 08:20:21.420+0000 INFO  [o.n.k.i.DiagnosticsManager]  [classpath + loader.0] file:/Users/anke/data/neo4j-community-2.3.11/system/lib/jersey-core-1.19.jar
2017-10-18 08:20:21.421+0000 INFO  [o.n.k.i.DiagnosticsManager]  [loader.1] file:/System/Library/Java/Extensions/libAppleScriptEngine.jnilib
2017-10-18 08:20:21.421+0000 INFO  [o.n.k.i.DiagnosticsManager]  [classpath + loader.0] file:/Users/anke/data/neo4j-community-2.3.11/system/lib/jetty-io-9.2.9.v20150224.jar
2017-10-18 08:20:21.421+0000 INFO  [o.n.k.i.DiagnosticsManager]  [loader.1] file:/System/Library/Java/Extensions/dns_sd.jar
2017-10-18 08:20:21.421+0000 INFO  [o.n.k.i.DiagnosticsManager]  [loader.1] file:/System/Library/Java/Extensions/MRJToolkit.jar
2017-10-18 08:20:21.421+0000 INFO  [o.n.k.i.DiagnosticsManager]  [bootstrap] /Library/Java/JavaVirtualMachines/jdk1.8.0_112.jdk/Contents/Home/jre/lib/sunrsasign.jar
2017-10-18 08:20:21.421+0000 INFO  [o.n.k.i.DiagnosticsManager]  [classpath + loader.0] file:/Users/anke/data/neo4j-community-2.3.11/system/lib/jetty-util-9.2.9.v20150224.jar
2017-10-18 08:20:21.421+0000 INFO  [o.n.k.i.DiagnosticsManager]  [loader.1] file:/Library/Java/JavaVirtualMachines/jdk1.8.0_112.jdk/Contents/Home/jre/lib/ext/sunpkcs11.jar
2017-10-18 08:20:21.421+0000 INFO  [o.n.k.i.DiagnosticsManager]  [loader.1] file:/System/Library/Java/Extensions/mlibwrapper_jai.jar
2017-10-18 08:20:21.421+0000 INFO  [o.n.k.i.DiagnosticsManager]  [classpath + loader.0] file:/Users/anke/data/neo4j-community-2.3.11/system/lib/logback-access-1.1.2.jar
2017-10-18 08:20:21.421+0000 INFO  [o.n.k.i.DiagnosticsManager]  [bootstrap] /Library/Java/JavaVirtualMachines/jdk1.8.0_112.jdk/Contents/Home/jre/classes
2017-10-18 08:20:21.421+0000 INFO  [o.n.k.i.DiagnosticsManager]  [classpath + loader.0] file:/Users/anke/data/neo4j-community-2.3.11/system/lib/commons-logging-1.1.1.jar
2017-10-18 08:20:21.421+0000 INFO  [o.n.k.i.DiagnosticsManager]  [loader.1] file:/System/Library/Java/Extensions/libJ3DUtils.jnilib
2017-10-18 08:20:21.421+0000 INFO  [o.n.k.i.DiagnosticsManager]  [classpath + loader.0] file:/Users/anke/data/neo4j-community-2.3.11/lib/neo4j-codegen-2.3.11.jar
2017-10-18 08:20:21.421+0000 INFO  [o.n.k.i.DiagnosticsManager]  [loader.1] file:/System/Library/Java/Extensions/AppleScriptEngine.jar
2017-10-18 08:20:21.421+0000 INFO  [o.n.k.i.DiagnosticsManager]  [classpath + loader.0] file:/Users/anke/data/neo4j-community-2.3.11/system/lib/commons-io-2.4.jar
2017-10-18 08:20:21.421+0000 INFO  [o.n.k.i.DiagnosticsManager]  [classpath + loader.0] file:/Users/anke/data/neo4j-community-2.3.11/system/lib/neo4j-browser-2.3.11.jar
2017-10-18 08:20:21.421+0000 INFO  [o.n.k.i.DiagnosticsManager]  [loader.1] file:/Library/Java/JavaVirtualMachines/jdk1.8.0_112.jdk/Contents/Home/jre/lib/ext/nashorn.jar
2017-10-18 08:20:21.421+0000 INFO  [o.n.k.i.DiagnosticsManager]  [classpath + loader.0] file:/Users/anke/data/neo4j-community-2.3.11/system/lib/logback-classic-1.1.2.jar
2017-10-18 08:20:21.421+0000 INFO  [o.n.k.i.DiagnosticsManager]  [loader.1] file:/Library/Java/JavaVirtualMachines/jdk1.8.0_112.jdk/Contents/Home/jre/lib/ext/localedata.jar
2017-10-18 08:20:21.421+0000 INFO  [o.n.k.i.DiagnosticsManager]  [classpath + loader.0] file:/Users/anke/data/neo4j-community-2.3.11/system/lib/jersey-server-1.19.jar
2017-10-18 08:20:21.421+0000 INFO  [o.n.k.i.DiagnosticsManager]  [classpath + loader.0] file:/Users/anke/data/neo4j-community-2.3.11/system/lib/jersey-servlet-1.19.jar
2017-10-18 08:20:21.422+0000 INFO  [o.n.k.i.DiagnosticsManager]  [bootstrap] /Library/Java/JavaVirtualMachines/jdk1.8.0_112.jdk/Contents/Home/jre/lib/resources.jar
2017-10-18 08:20:21.422+0000 INFO  [o.n.k.i.DiagnosticsManager]  [loader.1] file:/Library/Java/JavaVirtualMachines/jdk1.8.0_112.jdk/Contents/Home/jre/lib/ext/cldrdata.jar
2017-10-18 08:20:21.422+0000 INFO  [o.n.k.i.DiagnosticsManager]  [classpath + loader.0] file:/Users/anke/data/neo4j-community-2.3.11/lib/neo4j-io-2.3.11.jar
2017-10-18 08:20:21.422+0000 INFO  [o.n.k.i.DiagnosticsManager]  [classpath + loader.0] file:/Users/anke/data/neo4j-community-2.3.11/lib/neo4j-lucene-index-2.3.11.jar
2017-10-18 08:20:21.422+0000 INFO  [o.n.k.i.DiagnosticsManager]  [loader.1] file:/usr/lib/java/libjdns_sd.jnilib
2017-10-18 08:20:21.422+0000 INFO  [o.n.k.i.DiagnosticsManager]  [classpath + loader.0] file:/Users/anke/data/neo4j-community-2.3.11/lib/neo4j-cypher-compiler-2.3-2.3.11.jar
2017-10-18 08:20:21.422+0000 INFO  [o.n.k.i.DiagnosticsManager]  [classpath + loader.0] file:/Users/anke/data/neo4j-community-2.3.11/system/lib/commons-beanutils-1.8.3.jar
2017-10-18 08:20:21.422+0000 INFO  [o.n.k.i.DiagnosticsManager]  [loader.1] file:/Library/Java/JavaVirtualMachines/jdk1.8.0_112.jdk/Contents/Home/jre/lib/ext/jaccess.jar
2017-10-18 08:20:21.422+0000 INFO  [o.n.k.i.DiagnosticsManager]  [loader.1] file:/System/Library/Java/Extensions/j3dcore.jar
2017-10-18 08:20:21.422+0000 INFO  [o.n.k.i.DiagnosticsManager]  [bootstrap] /Library/Java/JavaVirtualMachines/jdk1.8.0_112.jdk/Contents/Home/jre/lib/jfr.jar
2017-10-18 08:20:21.422+0000 INFO  [o.n.k.i.DiagnosticsManager]  [bootstrap] /Library/Java/JavaVirtualMachines/jdk1.8.0_112.jdk/Contents/Home/jre/lib/rt.jar
2017-10-18 08:20:21.422+0000 INFO  [o.n.k.i.DiagnosticsManager]  [classpath + loader.0] file:/Users/anke/data/neo4j-community-2.3.11/system/lib/jersey-multipart-1.19.jar
2017-10-18 08:20:21.422+0000 INFO  [o.n.k.i.DiagnosticsManager] Library path:
2017-10-18 08:20:21.422+0000 INFO  [o.n.k.i.DiagnosticsManager] /Users/anke/Library/Java/Extensions
2017-10-18 08:20:21.423+0000 INFO  [o.n.k.i.DiagnosticsManager] /Library/Java/Extensions
2017-10-18 08:20:21.423+0000 INFO  [o.n.k.i.DiagnosticsManager] /Network/Library/Java/Extensions
2017-10-18 08:20:21.423+0000 INFO  [o.n.k.i.DiagnosticsManager] /System/Library/Java/Extensions
2017-10-18 08:20:21.423+0000 INFO  [o.n.k.i.DiagnosticsManager] /usr/lib/java
2017-10-18 08:20:21.423+0000 INFO  [o.n.k.i.DiagnosticsManager] /Users/anke/data/neo4j-community-2.3.11
2017-10-18 08:20:21.423+0000 INFO  [o.n.k.i.DiagnosticsManager] System.properties:
2017-10-18 08:20:21.423+0000 INFO  [o.n.k.i.DiagnosticsManager] sun.boot.library.path = /Library/Java/JavaVirtualMachines/jdk1.8.0_112.jdk/Contents/Home/jre/lib
2017-10-18 08:20:21.424+0000 INFO  [o.n.k.i.DiagnosticsManager] org.neo4j.server.properties = conf/neo4j-server.properties
2017-10-18 08:20:21.424+0000 INFO  [o.n.k.i.DiagnosticsManager] gopherProxySet = false
2017-10-18 08:20:21.424+0000 INFO  [o.n.k.i.DiagnosticsManager] path.separator = :
2017-10-18 08:20:21.424+0000 INFO  [o.n.k.i.DiagnosticsManager] file.encoding.pkg = sun.io
2017-10-18 08:20:21.424+0000 INFO  [o.n.k.i.DiagnosticsManager] user.country = CN
2017-10-18 08:20:21.425+0000 INFO  [o.n.k.i.DiagnosticsManager] sun.java.launcher = SUN_STANDARD
2017-10-18 08:20:21.425+0000 INFO  [o.n.k.i.DiagnosticsManager] sun.os.patch.level = unknown
2017-10-18 08:20:21.425+0000 INFO  [o.n.k.i.DiagnosticsManager] user.dir = /Users/anke/data/neo4j-community-2.3.11
2017-10-18 08:20:21.425+0000 INFO  [o.n.k.i.DiagnosticsManager] neo4j.ext.udc.source = tarball
2017-10-18 08:20:21.425+0000 INFO  [o.n.k.i.DiagnosticsManager] log4j.configuration = file:conf/log4j.properties
2017-10-18 08:20:21.425+0000 INFO  [o.n.k.i.DiagnosticsManager] sun.jnu.encoding = UTF-8
2017-10-18 08:20:21.425+0000 INFO  [o.n.k.i.DiagnosticsManager] sun.management.compiler = HotSpot 64-Bit Tiered Compilers
2017-10-18 08:20:21.425+0000 INFO  [o.n.k.i.DiagnosticsManager] http.nonProxyHosts = local|*.local|169.254/16|*.169.254/16
2017-10-18 08:20:21.425+0000 INFO  [o.n.k.i.DiagnosticsManager] user.home = /Users/anke
2017-10-18 08:20:21.425+0000 INFO  [o.n.k.i.DiagnosticsManager] user.timezone = Asia/Shanghai
2017-10-18 08:20:21.425+0000 INFO  [o.n.k.i.DiagnosticsManager] file.encoding = UTF-8
2017-10-18 08:20:21.425+0000 INFO  [o.n.k.i.DiagnosticsManager] user.name = anke
2017-10-18 08:20:21.425+0000 INFO  [o.n.k.i.DiagnosticsManager] sun.java.command = org.neo4j.server.CommunityBootstrapper
2017-10-18 08:20:21.425+0000 INFO  [o.n.k.i.DiagnosticsManager] sun.arch.data.model = 64
2017-10-18 08:20:21.425+0000 INFO  [o.n.k.i.DiagnosticsManager] user.language = zh
2017-10-18 08:20:21.426+0000 INFO  [o.n.k.i.DiagnosticsManager] awt.toolkit = sun.lwawt.macosx.LWCToolkit
2017-10-18 08:20:21.426+0000 INFO  [o.n.k.i.DiagnosticsManager] file.separator = /
2017-10-18 08:20:21.426+0000 INFO  [o.n.k.i.DiagnosticsManager] sun.io.unicode.encoding = UnicodeBig
2017-10-18 08:20:21.426+0000 INFO  [o.n.k.i.DiagnosticsManager] sun.cpu.endian = little
2017-10-18 08:20:21.426+0000 INFO  [o.n.k.i.DiagnosticsManager] socksNonProxyHosts = local|*.local|169.254/16|*.169.254/16
2017-10-18 08:20:21.426+0000 INFO  [o.n.k.i.DiagnosticsManager] neo4j.instance = /Users/anke/data/neo4j-community-2.3.11
2017-10-18 08:20:21.426+0000 INFO  [o.n.k.i.DiagnosticsManager] ftp.nonProxyHosts = local|*.local|169.254/16|*.169.254/16
2017-10-18 08:20:21.426+0000 INFO  [o.n.k.i.DiagnosticsManager] neo4j.home = /Users/anke/data/neo4j-community-2.3.11
2017-10-18 08:20:21.426+0000 INFO  [o.n.k.i.DiagnosticsManager] sun.cpu.isalist = 
2017-10-18 08:20:21.426+0000 INFO  [o.n.k.i.DiagnosticsManager] Network information:
2017-10-18 08:20:21.432+0000 INFO  [o.n.k.i.DiagnosticsManager] Interface utun0:
2017-10-18 08:20:21.433+0000 INFO  [o.n.k.i.DiagnosticsManager]     address: fe80:0:0:0:8f0f:7be9:5ba:a431%utun0
2017-10-18 08:20:21.433+0000 INFO  [o.n.k.i.DiagnosticsManager] Interface awdl0:
2017-10-18 08:20:21.433+0000 INFO  [o.n.k.i.DiagnosticsManager]     address: fe80:0:0:0:5058:e1ff:fe75:e1ea%awdl0
2017-10-18 08:20:21.433+0000 INFO  [o.n.k.i.DiagnosticsManager] Interface en0:
2017-10-18 08:20:21.433+0000 INFO  [o.n.k.i.DiagnosticsManager]     address: fe80:0:0:0:1ce5:1154:ff20:88e1%en0
2017-10-18 08:20:21.433+0000 INFO  [o.n.k.i.DiagnosticsManager]     address: 192.168.1.3
2017-10-18 08:20:21.433+0000 INFO  [o.n.k.i.DiagnosticsManager] Interface lo0:
2017-10-18 08:20:21.433+0000 INFO  [o.n.k.i.DiagnosticsManager]     address: fe80:0:0:0:0:0:0:1%lo0
2017-10-18 08:20:21.433+0000 INFO  [o.n.k.i.DiagnosticsManager]     address: 0:0:0:0:0:0:0:1
2017-10-18 08:20:21.434+0000 INFO  [o.n.k.i.DiagnosticsManager]     address: 127.0.0.1
2017-10-18 08:20:21.434+0000 INFO  [o.n.k.i.DiagnosticsManager] --- INITIALIZED diagnostics END ---
2017-10-18 08:20:21.971+0000 INFO  [o.n.k.KernelHealth] Kernel health set to OK
2017-10-18 08:20:22.311+0000 INFO  [o.n.k.AvailabilityGuard] Fulfilling of requirement makes database available: Database available
2017-10-18 08:20:22.311+0000 INFO  [o.n.k.i.f.CommunityFacadeFactory] Database is now ready
2017-10-18 08:20:22.313+0000 INFO  [o.n.k.i.DiagnosticsManager] --- STARTED diagnostics for KernelDiagnostics:Versions START ---
2017-10-18 08:20:22.313+0000 INFO  [o.n.k.i.DiagnosticsManager] Graph Database: Community StoreId{creationTime=1508314809647, randomId=-3950355874485978845, storeVersion=15250506225055238, upgradeTime=1508314809647, upgradeId=1}
2017-10-18 08:20:22.313+0000 INFO  [o.n.k.i.DiagnosticsManager] Kernel version: 2.3.11,9d223c48255eb942992bf0ab74d9d29a4ad06f89
2017-10-18 08:20:22.313+0000 INFO  [o.n.k.i.DiagnosticsManager] --- STARTED diagnostics for KernelDiagnostics:Versions END ---
2017-10-18 08:20:22.316+0000 INFO  [o.n.k.i.DiagnosticsManager] --- STARTED diagnostics for NEO_STORE_VERSIONS START ---
2017-10-18 08:20:22.316+0000 INFO  [o.n.k.i.DiagnosticsManager] Store versions:
2017-10-18 08:20:22.316+0000 INFO  [o.n.k.i.DiagnosticsManager] Store versions:
2017-10-18 08:20:22.316+0000 INFO  [o.n.k.i.DiagnosticsManager] ArrayPropertyStore v0.A.6
2017-10-18 08:20:22.316+0000 INFO  [o.n.k.i.DiagnosticsManager] NodeStore v0.A.6
2017-10-18 08:20:22.316+0000 INFO  [o.n.k.i.DiagnosticsManager] StringPropertyStore v0.A.6
2017-10-18 08:20:22.316+0000 INFO  [o.n.k.i.DiagnosticsManager] PropertyIndexStore v0.A.6
2017-10-18 08:20:22.316+0000 INFO  [o.n.k.i.DiagnosticsManager] StringPropertyStore v0.A.6
2017-10-18 08:20:22.316+0000 INFO  [o.n.k.i.DiagnosticsManager] ArrayPropertyStore v0.A.6
2017-10-18 08:20:22.316+0000 INFO  [o.n.k.i.DiagnosticsManager] PropertyStore v0.A.6
2017-10-18 08:20:22.316+0000 INFO  [o.n.k.i.DiagnosticsManager] RelationshipStore v0.A.6
2017-10-18 08:20:22.317+0000 INFO  [o.n.k.i.DiagnosticsManager] StringPropertyStore v0.A.6
2017-10-18 08:20:22.317+0000 INFO  [o.n.k.i.DiagnosticsManager] RelationshipTypeStore v0.A.6
2017-10-18 08:20:22.317+0000 INFO  [o.n.k.i.DiagnosticsManager] StringPropertyStore v0.A.6
2017-10-18 08:20:22.317+0000 INFO  [o.n.k.i.DiagnosticsManager] LabelTokenStore v0.A.6
2017-10-18 08:20:22.317+0000 INFO  [o.n.k.i.DiagnosticsManager] SchemaStore v0.A.6
2017-10-18 08:20:22.317+0000 INFO  [o.n.k.i.DiagnosticsManager] RelationshipGroupStore v0.A.6
2017-10-18 08:20:22.317+0000 INFO  [o.n.k.i.DiagnosticsManager] NeoStore v0.A.6
2017-10-18 08:20:22.317+0000 INFO  [o.n.k.i.DiagnosticsManager] --- STARTED diagnostics for NEO_STORE_VERSIONS END ---
2017-10-18 08:20:22.317+0000 INFO  [o.n.k.i.DiagnosticsManager] --- STARTED diagnostics for NEO_STORE_ID_USAGE START ---
2017-10-18 08:20:22.317+0000 INFO  [o.n.k.i.DiagnosticsManager] Id usage:
2017-10-18 08:20:22.317+0000 INFO  [o.n.k.i.DiagnosticsManager] Id usage:
2017-10-18 08:20:22.318+0000 INFO  [o.n.k.i.DiagnosticsManager]   ArrayPropertyStore v0.A.6: used=1 high=0
2017-10-18 08:20:22.318+0000 INFO  [o.n.k.i.DiagnosticsManager]   NodeStore v0.A.6: used=11 high=10
2017-10-18 08:20:22.318+0000 INFO  [o.n.k.i.DiagnosticsManager]   StringPropertyStore v0.A.6: used=4 high=3
2017-10-18 08:20:22.318+0000 INFO  [o.n.k.i.DiagnosticsManager]   PropertyIndexStore v0.A.6: used=3 high=2
2017-10-18 08:20:22.318+0000 INFO  [o.n.k.i.DiagnosticsManager]   StringPropertyStore v0.A.6: used=12 high=11
2017-10-18 08:20:22.318+0000 INFO  [o.n.k.i.DiagnosticsManager]   ArrayPropertyStore v0.A.6: used=1 high=0
2017-10-18 08:20:22.319+0000 INFO  [o.n.k.i.DiagnosticsManager]   PropertyStore v0.A.6: used=21 high=20
2017-10-18 08:20:22.319+0000 INFO  [o.n.k.i.DiagnosticsManager]   RelationshipStore v0.A.6: used=8 high=7
2017-10-18 08:20:22.319+0000 INFO  [o.n.k.i.DiagnosticsManager]   StringPropertyStore v0.A.6: used=4 high=3
2017-10-18 08:20:22.319+0000 INFO  [o.n.k.i.DiagnosticsManager]   RelationshipTypeStore v0.A.6: used=3 high=2
2017-10-18 08:20:22.319+0000 INFO  [o.n.k.i.DiagnosticsManager]   StringPropertyStore v0.A.6: used=2 high=1
2017-10-18 08:20:22.319+0000 INFO  [o.n.k.i.DiagnosticsManager]   LabelTokenStore v0.A.6: used=1 high=0
2017-10-18 08:20:22.320+0000 INFO  [o.n.k.i.DiagnosticsManager]   SchemaStore v0.A.6: used=1 high=0
2017-10-18 08:20:22.320+0000 INFO  [o.n.k.i.DiagnosticsManager]   RelationshipGroupStore v0.A.6: used=1 high=0
2017-10-18 08:20:22.320+0000 INFO  [o.n.k.i.DiagnosticsManager]   NeoStore v0.A.6: used=15 high=14
2017-10-18 08:20:22.320+0000 INFO  [o.n.k.i.DiagnosticsManager] --- STARTED diagnostics for NEO_STORE_ID_USAGE END ---
2017-10-18 08:20:22.320+0000 INFO  [o.n.k.i.DiagnosticsManager] --- STARTED diagnostics for NEO_STORE_RECORDS START ---
2017-10-18 08:20:22.320+0000 INFO  [o.n.k.i.DiagnosticsManager] Neostore records:
2017-10-18 08:20:22.321+0000 INFO  [o.n.k.i.DiagnosticsManager] TIME (Creation time): 1508314809647
2017-10-18 08:20:22.321+0000 INFO  [o.n.k.i.DiagnosticsManager] RANDOM_NUMBER (Random number for store id): -3950355874485978845
2017-10-18 08:20:22.321+0000 INFO  [o.n.k.i.DiagnosticsManager] LOG_VERSION (Current log version): 0
2017-10-18 08:20:22.321+0000 INFO  [o.n.k.i.DiagnosticsManager] LAST_TRANSACTION_ID (Last committed transaction): 12
2017-10-18 08:20:22.321+0000 INFO  [o.n.k.i.DiagnosticsManager] STORE_VERSION (Store format version): 15250506225055238
2017-10-18 08:20:22.321+0000 INFO  [o.n.k.i.DiagnosticsManager] FIRST_GRAPH_PROPERTY (First property record containing graph properties): -1
2017-10-18 08:20:22.321+0000 INFO  [o.n.k.i.DiagnosticsManager] LAST_CONSTRAINT_TRANSACTION (Last committed transaction containing constraint changes): 0
2017-10-18 08:20:22.321+0000 INFO  [o.n.k.i.DiagnosticsManager] UPGRADE_TRANSACTION_ID (Transaction id most recent upgrade was performed at): 1
2017-10-18 08:20:22.321+0000 INFO  [o.n.k.i.DiagnosticsManager] UPGRADE_TIME (Time of last upgrade): 1508314809647
2017-10-18 08:20:22.321+0000 INFO  [o.n.k.i.DiagnosticsManager] LAST_TRANSACTION_CHECKSUM (Checksum of last committed transaction): -162025355453
2017-10-18 08:20:22.322+0000 INFO  [o.n.k.i.DiagnosticsManager] UPGRADE_TRANSACTION_CHECKSUM (Checksum of transaction id the most recent upgrade was performed at): 0
2017-10-18 08:20:22.322+0000 INFO  [o.n.k.i.DiagnosticsManager] LAST_CLOSED_TRANSACTION_LOG_VERSION (Log version where the last transaction commit entry has been written into): 0
2017-10-18 08:20:22.322+0000 INFO  [o.n.k.i.DiagnosticsManager] LAST_CLOSED_TRANSACTION_LOG_BYTE_OFFSET (Byte offset in the log file where the last transaction commit entry has been written into): 5835
2017-10-18 08:20:22.322+0000 INFO  [o.n.k.i.DiagnosticsManager] LAST_TRANSACTION_COMMIT_TIMESTAMP (Commit time timestamp for last committed transaction): 1508314812270
2017-10-18 08:20:22.323+0000 INFO  [o.n.k.i.DiagnosticsManager] UPGRADE_TRANSACTION_COMMIT_TIMESTAMP (Commit timestamp of transaction the most recent upgrade was performed at): 0
2017-10-18 08:20:22.323+0000 INFO  [o.n.k.i.DiagnosticsManager] --- STARTED diagnostics for NEO_STORE_RECORDS END ---
2017-10-18 08:20:22.323+0000 INFO  [o.n.k.i.DiagnosticsManager] --- STARTED diagnostics for TRANSACTION_RANGE START ---
2017-10-18 08:20:22.323+0000 INFO  [o.n.k.i.DiagnosticsManager] Transaction log:
2017-10-18 08:20:22.324+0000 INFO  [o.n.k.i.DiagnosticsManager] Oldest transaction 2 found in log with version 0
2017-10-18 08:20:22.324+0000 INFO  [o.n.k.i.DiagnosticsManager] --- STARTED diagnostics for TRANSACTION_RANGE END ---
2017-10-18 08:20:22.324+0000 INFO  [o.n.k.i.DiagnosticsManager] --- STARTED diagnostics for KernelDiagnostics:StoreFiles START ---
2017-10-18 08:20:22.325+0000 INFO  [o.n.k.i.DiagnosticsManager] Disk space on partition (Total / Free / Free %): 120108089344 / 39221743616 / 32
Storage files: (filename : modification date - size)
2017-10-18 08:20:22.325+0000 INFO  [o.n.k.i.DiagnosticsManager]   index:
2017-10-18 08:20:22.326+0000 INFO  [o.n.k.i.DiagnosticsManager]     lucene:
2017-10-18 08:20:22.326+0000 INFO  [o.n.k.i.DiagnosticsManager]       node:
2017-10-18 08:20:22.326+0000 INFO  [o.n.k.i.DiagnosticsManager]         nodes:
2017-10-18 08:20:22.326+0000 INFO  [o.n.k.i.DiagnosticsManager]           _0.fdt: 2017-10-18T16:20:12+0800 - 103.00 B
2017-10-18 08:20:22.327+0000 INFO  [o.n.k.i.DiagnosticsManager]           _0.fdx: 2017-10-18T16:20:12+0800 - 44.00 B
2017-10-18 08:20:22.327+0000 INFO  [o.n.k.i.DiagnosticsManager]           _0.fnm: 2017-10-18T16:20:12+0800 - 18.00 B
2017-10-18 08:20:22.328+0000 INFO  [o.n.k.i.DiagnosticsManager]           _0.frq: 2017-10-18T16:20:12+0800 - 10.00 B
2017-10-18 08:20:22.328+0000 INFO  [o.n.k.i.DiagnosticsManager]           _0.nrm: 2017-10-18T16:20:12+0800 - 9.00 B
2017-10-18 08:20:22.328+0000 INFO  [o.n.k.i.DiagnosticsManager]           _0.prx: 2017-10-18T16:20:12+0800 - 10.00 B
2017-10-18 08:20:22.329+0000 INFO  [o.n.k.i.DiagnosticsManager]           _0.tii: 2017-10-18T16:20:12+0800 - 35.00 B
2017-10-18 08:20:22.329+0000 INFO  [o.n.k.i.DiagnosticsManager]           _0.tis: 2017-10-18T16:20:12+0800 - 115.00 B
2017-10-18 08:20:22.329+0000 INFO  [o.n.k.i.DiagnosticsManager]           _1.fdt: 2017-10-18T16:20:12+0800 - 66.00 B
2017-10-18 08:20:22.330+0000 INFO  [o.n.k.i.DiagnosticsManager]           _1.fdx: 2017-10-18T16:20:12+0800 - 36.00 B
2017-10-18 08:20:22.330+0000 INFO  [o.n.k.i.DiagnosticsManager]           _1.fnm: 2017-10-18T16:20:12+0800 - 18.00 B
2017-10-18 08:20:22.330+0000 INFO  [o.n.k.i.DiagnosticsManager]           _1.frq: 2017-10-18T16:20:12+0800 - 8.00 B
2017-10-18 08:20:22.330+0000 INFO  [o.n.k.i.DiagnosticsManager]           _1.nrm: 2017-10-18T16:20:12+0800 - 8.00 B
2017-10-18 08:20:22.331+0000 INFO  [o.n.k.i.DiagnosticsManager]           _1.prx: 2017-10-18T16:20:12+0800 - 8.00 B
2017-10-18 08:20:22.331+0000 INFO  [o.n.k.i.DiagnosticsManager]           _1.tii: 2017-10-18T16:20:12+0800 - 35.00 B
2017-10-18 08:20:22.331+0000 INFO  [o.n.k.i.DiagnosticsManager]           _1.tis: 2017-10-18T16:20:12+0800 - 96.00 B
2017-10-18 08:20:22.331+0000 INFO  [o.n.k.i.DiagnosticsManager]           _2.fdt: 2017-10-18T16:20:12+0800 - 34.00 B
2017-10-18 08:20:22.331+0000 INFO  [o.n.k.i.DiagnosticsManager]           _2.fdx: 2017-10-18T16:20:12+0800 - 20.00 B
2017-10-18 08:20:22.332+0000 INFO  [o.n.k.i.DiagnosticsManager]           _2.fnm: 2017-10-18T16:20:12+0800 - 18.00 B
2017-10-18 08:20:22.332+0000 INFO  [o.n.k.i.DiagnosticsManager]           _2.frq: 2017-10-18T16:20:12+0800 - 4.00 B
2017-10-18 08:20:22.332+0000 INFO  [o.n.k.i.DiagnosticsManager]           _2.nrm: 2017-10-18T16:20:12+0800 - 6.00 B
2017-10-18 08:20:22.333+0000 INFO  [o.n.k.i.DiagnosticsManager]           _2.prx: 2017-10-18T16:20:12+0800 - 4.00 B
2017-10-18 08:20:22.333+0000 INFO  [o.n.k.i.DiagnosticsManager]           _2.tii: 2017-10-18T16:20:12+0800 - 35.00 B
2017-10-18 08:20:22.333+0000 INFO  [o.n.k.i.DiagnosticsManager]           _2.tis: 2017-10-18T16:20:12+0800 - 59.00 B
2017-10-18 08:20:22.333+0000 INFO  [o.n.k.i.DiagnosticsManager]           segments.gen: 2017-10-18T16:20:12+0800 - 20.00 B
2017-10-18 08:20:22.333+0000 INFO  [o.n.k.i.DiagnosticsManager]           segments_1: 2017-10-18T16:20:12+0800 - 671.00 B
2017-10-18 08:20:22.334+0000 INFO  [o.n.k.i.DiagnosticsManager]         - Total: 2017-10-18T16:20:12+0800 - 1.46 kB
2017-10-18 08:20:22.334+0000 INFO  [o.n.k.i.DiagnosticsManager]       - Total: 2017-10-18T16:20:11+0800 - 1.46 kB
2017-10-18 08:20:22.334+0000 INFO  [o.n.k.i.DiagnosticsManager]     - Total: 2017-10-18T16:20:11+0800 - 1.46 kB
2017-10-18 08:20:22.334+0000 INFO  [o.n.k.i.DiagnosticsManager]   - Total: 2017-10-18T16:20:11+0800 - 1.46 kB
2017-10-18 08:20:22.335+0000 INFO  [o.n.k.i.DiagnosticsManager]   index.db: 2017-10-18T16:20:11+0800 - 103.00 B
2017-10-18 08:20:22.335+0000 INFO  [o.n.k.i.DiagnosticsManager]   messages.log: 2017-10-18T16:20:22+0800 - 79.32 kB
2017-10-18 08:20:22.335+0000 INFO  [o.n.k.i.DiagnosticsManager]   neostore: 2017-10-18T16:20:12+0800 - 8.00 kB
2017-10-18 08:20:22.335+0000 INFO  [o.n.k.i.DiagnosticsManager]   neostore.counts.db.a: 2017-10-18T16:20:10+0800 - 96.00 B
2017-10-18 08:20:22.335+0000 INFO  [o.n.k.i.DiagnosticsManager]   neostore.counts.db.b: 2017-10-18T16:20:12+0800 - 544.00 B
2017-10-18 08:20:22.336+0000 INFO  [o.n.k.i.DiagnosticsManager]   neostore.id: 2017-10-18T16:20:21+0800 - 9.00 B
2017-10-18 08:20:22.336+0000 INFO  [o.n.k.i.DiagnosticsManager]   neostore.labeltokenstore.db: 2017-10-18T16:20:12+0800 - 8.00 kB
2017-10-18 08:20:22.336+0000 INFO  [o.n.k.i.DiagnosticsManager]   neostore.labeltokenstore.db.id: 2017-10-18T16:20:21+0800 - 9.00 B
2017-10-18 08:20:22.336+0000 INFO  [o.n.k.i.DiagnosticsManager]   neostore.labeltokenstore.db.names: 2017-10-18T16:20:12+0800 - 8.00 kB
2017-10-18 08:20:22.336+0000 INFO  [o.n.k.i.DiagnosticsManager]   neostore.labeltokenstore.db.names.id: 2017-10-18T16:20:21+0800 - 9.00 B
2017-10-18 08:20:22.337+0000 INFO  [o.n.k.i.DiagnosticsManager]   neostore.nodestore.db: 2017-10-18T16:20:12+0800 - 8.00 kB
2017-10-18 08:20:22.337+0000 INFO  [o.n.k.i.DiagnosticsManager]   neostore.nodestore.db.id: 2017-10-18T16:20:21+0800 - 9.00 B
2017-10-18 08:20:22.337+0000 INFO  [o.n.k.i.DiagnosticsManager]   neostore.nodestore.db.labels: 2017-10-18T16:20:09+0800 - 8.00 kB
2017-10-18 08:20:22.337+0000 INFO  [o.n.k.i.DiagnosticsManager]   neostore.nodestore.db.labels.id: 2017-10-18T16:20:21+0800 - 9.00 B
2017-10-18 08:20:22.338+0000 INFO  [o.n.k.i.DiagnosticsManager]   neostore.propertystore.db: 2017-10-18T16:20:12+0800 - 7.97 kB
2017-10-18 08:20:22.338+0000 INFO  [o.n.k.i.DiagnosticsManager]   neostore.propertystore.db.arrays: 2017-10-18T16:20:09+0800 - 8.00 kB
2017-10-18 08:20:22.338+0000 INFO  [o.n.k.i.DiagnosticsManager]   neostore.propertystore.db.arrays.id: 2017-10-18T16:20:21+0800 - 9.00 B
2017-10-18 08:20:22.338+0000 INFO  [o.n.k.i.DiagnosticsManager]   neostore.propertystore.db.id: 2017-10-18T16:20:21+0800 - 9.00 B
2017-10-18 08:20:22.338+0000 INFO  [o.n.k.i.DiagnosticsManager]   neostore.propertystore.db.index: 2017-10-18T16:20:12+0800 - 8.00 kB
2017-10-18 08:20:22.339+0000 INFO  [o.n.k.i.DiagnosticsManager]   neostore.propertystore.db.index.id: 2017-10-18T16:20:21+0800 - 9.00 B
2017-10-18 08:20:22.339+0000 INFO  [o.n.k.i.DiagnosticsManager]   neostore.propertystore.db.index.keys: 2017-10-18T16:20:12+0800 - 8.00 kB
2017-10-18 08:20:22.339+0000 INFO  [o.n.k.i.DiagnosticsManager]   neostore.propertystore.db.index.keys.id: 2017-10-18T16:20:21+0800 - 9.00 B
2017-10-18 08:20:22.340+0000 INFO  [o.n.k.i.DiagnosticsManager]   neostore.propertystore.db.strings: 2017-10-18T16:20:12+0800 - 8.00 kB
2017-10-18 08:20:22.340+0000 INFO  [o.n.k.i.DiagnosticsManager]   neostore.propertystore.db.strings.id: 2017-10-18T16:20:21+0800 - 9.00 B
2017-10-18 08:20:22.340+0000 INFO  [o.n.k.i.DiagnosticsManager]   neostore.relationshipgroupstore.db: 2017-10-18T16:20:09+0800 - 8.00 kB
2017-10-18 08:20:22.340+0000 INFO  [o.n.k.i.DiagnosticsManager]   neostore.relationshipgroupstore.db.id: 2017-10-18T16:20:21+0800 - 9.00 B
2017-10-18 08:20:22.340+0000 INFO  [o.n.k.i.DiagnosticsManager]   neostore.relationshipstore.db: 2017-10-18T16:20:12+0800 - 7.97 kB
2017-10-18 08:20:22.340+0000 INFO  [o.n.k.i.DiagnosticsManager]   neostore.relationshipstore.db.id: 2017-10-18T16:20:21+0800 - 9.00 B
2017-10-18 08:20:22.340+0000 INFO  [o.n.k.i.DiagnosticsManager]   neostore.relationshiptypestore.db: 2017-10-18T16:20:12+0800 - 8.00 kB
2017-10-18 08:20:22.340+0000 INFO  [o.n.k.i.DiagnosticsManager]   neostore.relationshiptypestore.db.id: 2017-10-18T16:20:21+0800 - 9.00 B
2017-10-18 08:20:22.340+0000 INFO  [o.n.k.i.DiagnosticsManager]   neostore.relationshiptypestore.db.names: 2017-10-18T16:20:12+0800 - 8.00 kB
2017-10-18 08:20:22.341+0000 INFO  [o.n.k.i.DiagnosticsManager]   neostore.relationshiptypestore.db.names.id: 2017-10-18T16:20:21+0800 - 9.00 B
2017-10-18 08:20:22.341+0000 INFO  [o.n.k.i.DiagnosticsManager]   neostore.schemastore.db: 2017-10-18T16:20:09+0800 - 8.00 kB
2017-10-18 08:20:22.341+0000 INFO  [o.n.k.i.DiagnosticsManager]   neostore.schemastore.db.id: 2017-10-18T16:20:21+0800 - 9.00 B
2017-10-18 08:20:22.341+0000 INFO  [o.n.k.i.DiagnosticsManager]   neostore.transaction.db.0: 2017-10-18T16:20:12+0800 - 5.72 kB
2017-10-18 08:20:22.341+0000 INFO  [o.n.k.i.DiagnosticsManager]   schema:
2017-10-18 08:20:22.341+0000 INFO  [o.n.k.i.DiagnosticsManager]     label:
2017-10-18 08:20:22.341+0000 INFO  [o.n.k.i.DiagnosticsManager]       lucene:
2017-10-18 08:20:22.342+0000 INFO  [o.n.k.i.DiagnosticsManager]         _2.cfs: 2017-10-18T16:20:12+0800 - 225.00 B
2017-10-18 08:20:22.342+0000 INFO  [o.n.k.i.DiagnosticsManager]         segments.gen: 2017-10-18T16:20:12+0800 - 20.00 B
2017-10-18 08:20:22.342+0000 INFO  [o.n.k.i.DiagnosticsManager]         segments_1: 2017-10-18T16:20:12+0800 - 245.00 B
2017-10-18 08:20:22.342+0000 INFO  [o.n.k.i.DiagnosticsManager]         write.lock: 2017-10-18T16:20:21+0800 - 0.00 B
2017-10-18 08:20:22.342+0000 INFO  [o.n.k.i.DiagnosticsManager]       - Total: 2017-10-18T16:20:21+0800 - 490.00 B
2017-10-18 08:20:22.342+0000 INFO  [o.n.k.i.DiagnosticsManager]     - Total: 2017-10-18T16:20:10+0800 - 490.00 B
2017-10-18 08:20:22.342+0000 INFO  [o.n.k.i.DiagnosticsManager]   - Total: 2017-10-18T16:20:10+0800 - 490.00 B
2017-10-18 08:20:22.342+0000 INFO  [o.n.k.i.DiagnosticsManager]   store_lock: 2017-10-18T16:20:09+0800 - 0.00 B
2017-10-18 08:20:22.343+0000 INFO  [o.n.k.i.DiagnosticsManager] --- STARTED diagnostics for KernelDiagnostics:StoreFiles END ---
2017-10-18 08:20:23.840+0000 INFO  [o.n.k.i.DiagnosticsManager] --- SERVER STARTED START ---
2017-10-18 08:20:25.102+0000 INFO  [o.n.k.i.DiagnosticsManager] --- SERVER STARTED END ---
